2019-06-07 21:12:31,746 INFO o.a.j.u.JMeterUtils: Setting Locale to en_EN
2019-06-07 21:12:31,777 INFO o.a.j.JMeter: Loading user properties from: user.properties
2019-06-07 21:12:31,777 INFO o.a.j.JMeter: Loading system properties from: system.properties
2019-06-07 21:12:31,777 INFO o.a.j.JMeter: Copyright (c) 1998-2019 The Apache Software Foundation
2019-06-07 21:12:31,777 INFO o.a.j.JMeter: Version 5.1.1 r1855137
2019-06-07 21:12:31,777 INFO o.a.j.JMeter: java.version=1.8.0_211
2019-06-07 21:12:31,777 INFO o.a.j.JMeter: java.vm.name=Java HotSpot(TM) 64-Bit Server VM
2019-06-07 21:12:31,777 INFO o.a.j.JMeter: os.name=Windows 7
2019-06-07 21:12:31,777 INFO o.a.j.JMeter: os.arch=amd64
2019-06-07 21:12:31,777 INFO o.a.j.JMeter: os.version=6.1
2019-06-07 21:12:31,777 INFO o.a.j.JMeter: file.encoding=Cp1251
2019-06-07 21:12:31,777 INFO o.a.j.JMeter: java.awt.headless=null
2019-06-07 21:12:31,777 INFO o.a.j.JMeter: Max memory     =1073741824
2019-06-07 21:12:31,777 INFO o.a.j.JMeter: Available Processors =8
2019-06-07 21:12:31,792 INFO o.a.j.JMeter: Default Locale=English (EN)
2019-06-07 21:12:31,792 INFO o.a.j.JMeter: JMeter  Locale=English (EN)
2019-06-07 21:12:31,792 INFO o.a.j.JMeter: JMeterHome=D:\Shevtsov\apache-jmeter-5.1.1
2019-06-07 21:12:31,792 INFO o.a.j.JMeter: user.dir  =D:\Shevtsov\apache-jmeter-5.1.1\bin
2019-06-07 21:12:31,792 INFO o.a.j.JMeter: PWD       =D:\Shevtsov\apache-jmeter-5.1.1\bin
2019-06-07 21:12:34,117 INFO o.a.j.JMeter: IP: 192.168.30.186 Name: ADM-HP FullName: 192.168.30.186
2019-06-07 21:12:34,554 INFO o.a.j.g.a.LookAndFeelCommand: Installing Darcula LAF
2019-06-07 21:12:34,694 INFO o.a.j.g.a.LookAndFeelCommand: Using look and feel: com.bulenkov.darcula.DarculaLaf [Darcula]
2019-06-07 21:12:34,694 INFO o.a.j.JMeter: Setting LAF to: com.bulenkov.darcula.DarculaLaf
2019-06-07 21:12:34,819 INFO o.a.j.JMeter: Loaded icon properties from org/apache/jmeter/images/icon.properties
2019-06-07 21:12:38,204 INFO o.a.j.p.h.s.HTTPSamplerBase: Parser for text/html is org.apache.jmeter.protocol.http.parser.LagartoBasedHtmlParser
2019-06-07 21:12:38,204 INFO o.a.j.p.h.s.HTTPSamplerBase: Parser for application/xhtml+xml is org.apache.jmeter.protocol.http.parser.LagartoBasedHtmlParser
2019-06-07 21:12:38,204 INFO o.a.j.p.h.s.HTTPSamplerBase: Parser for application/xml is org.apache.jmeter.protocol.http.parser.LagartoBasedHtmlParser
2019-06-07 21:12:38,204 INFO o.a.j.p.h.s.HTTPSamplerBase: Parser for text/xml is org.apache.jmeter.protocol.http.parser.LagartoBasedHtmlParser
2019-06-07 21:12:38,204 INFO o.a.j.p.h.s.HTTPSamplerBase: Parser for text/vnd.wap.wml is org.apache.jmeter.protocol.http.parser.RegexpHTMLParser
2019-06-07 21:12:38,204 INFO o.a.j.p.h.s.HTTPSamplerBase: Parser for text/css is org.apache.jmeter.protocol.http.parser.CssParser
2019-06-07 21:12:42,588 INFO o.a.j.e.KeyToolUtils: keytool found at 'keytool'
2019-06-07 21:12:42,588 INFO o.a.j.p.h.p.ProxyControl: HTTP(S) Test Script Recorder SSL Proxy will use keys that support embedded 3rd party resources in file D:\Shevtsov\apache-jmeter-5.1.1\bin\proxyserver.jks
2019-06-07 21:12:42,853 INFO o.a.j.s.FileServer: Default base='D:\Shevtsov\apache-jmeter-5.1.1\bin'
2019-06-07 21:12:43,664 INFO o.a.j.s.SampleResult: Note: Sample TimeStamps are START times
2019-06-07 21:12:43,664 INFO o.a.j.s.SampleResult: sampleresult.default.encoding is set to ISO-8859-1
2019-06-07 21:12:43,664 INFO o.a.j.s.SampleResult: sampleresult.useNanoTime=true
2019-06-07 21:12:43,664 INFO o.a.j.s.SampleResult: sampleresult.nanoThreadSleep=5000
2019-06-07 22:04:26,494 INFO o.a.j.s.FileServer: Set new base='D:\Shevtsov\jMeterFiles'
2019-06-07 22:04:26,759 INFO o.a.j.s.SaveService: Testplan (JMX) version: 2.2. Testlog (JTL) version: 2.2
2019-06-07 22:04:26,790 INFO o.a.j.s.SaveService: Using SaveService properties file encoding UTF-8
2019-06-07 22:04:26,790 INFO o.a.j.s.SaveService: Using SaveService properties version 5.0
2019-06-07 22:04:26,853 INFO o.a.j.e.StandardJMeterEngine: Running the test!
2019-06-07 22:04:26,853 INFO o.a.j.s.SampleEvent: List of sample_variables: []
2019-06-07 22:04:26,853 INFO o.a.j.s.SampleEvent: List of sample_variables: []
2019-06-07 22:04:26,853 INFO o.a.j.e.u.CompoundVariable: Note: Function class names must contain the string: '.functions.'
2019-06-07 22:04:26,853 INFO o.a.j.e.u.CompoundVariable: Note: Function class names must not contain the string: '.gui.'
2019-06-07 22:04:27,383 INFO o.a.j.g.u.JMeterMenuBar: setRunning(true, *local*)
2019-06-07 22:04:27,773 INFO o.a.j.e.StandardJMeterEngine: Starting ThreadGroup: 1 : Thread Group
2019-06-07 22:04:27,773 INFO o.a.j.e.StandardJMeterEngine: Starting 5 threads for group Thread Group.
2019-06-07 22:04:27,773 INFO o.a.j.e.StandardJMeterEngine: Thread will continue on error
2019-06-07 22:04:27,773 INFO o.a.j.t.ThreadGroup: Starting thread group... number=1 threads=5 ramp-up=1 delayedStart=false
2019-06-07 22:04:27,773 INFO o.a.j.t.JMeterThread: Thread started: Thread Group 1-1
2019-06-07 22:04:27,789 INFO o.a.j.t.ThreadGroup: Started thread group number 1
2019-06-07 22:04:27,789 INFO o.a.j.e.StandardJMeterEngine: All thread groups have been started
2019-06-07 22:04:27,804 INFO o.a.j.p.h.s.HTTPHCAbstractImpl: Local host = ADM-HP
2019-06-07 22:04:27,820 INFO o.a.j.p.h.s.HTTPHC4Impl: HTTP request retry count = 0
2019-06-07 22:04:27,976 INFO o.a.j.t.JMeterThread: Thread started: Thread Group 1-2
2019-06-07 22:04:28,194 INFO o.a.j.t.JMeterThread: Thread started: Thread Group 1-3
2019-06-07 22:04:28,381 INFO o.a.j.p.h.s.h.LazyLayeredConnectionSocketFactory: Setting up HTTPS TrustAll Socket Factory
2019-06-07 22:04:28,397 INFO o.a.j.t.JMeterThread: Thread started: Thread Group 1-4
2019-06-07 22:04:28,397 INFO o.a.j.u.JsseSSLManager: Using default SSL protocol: TLS
2019-06-07 22:04:28,397 INFO o.a.j.u.JsseSSLManager: SSL session context: per-thread
2019-06-07 22:04:28,600 INFO o.a.j.t.JMeterThread: Thread started: Thread Group 1-5
2019-06-07 22:04:28,932 INFO o.a.j.u.SSLManager: JmeterKeyStore Location:  type JKS
2019-06-07 22:04:28,932 INFO o.a.j.u.SSLManager: KeyStore created OK
2019-06-07 22:04:28,932 WARN o.a.j.u.SSLManager: Keystore file not found, loading empty keystore
2019-06-07 22:04:38,277 INFO o.a.j.t.JMeterThread: Thread is done: Thread Group 1-3
2019-06-07 22:04:38,277 INFO o.a.j.t.JMeterThread: Thread finished: Thread Group 1-3
2019-06-07 22:04:38,277 INFO o.a.j.t.JMeterThread: Thread is done: Thread Group 1-2
2019-06-07 22:04:38,277 INFO o.a.j.t.JMeterThread: Thread finished: Thread Group 1-2
2019-06-07 22:04:38,293 INFO o.a.j.t.JMeterThread: Thread is done: Thread Group 1-4
2019-06-07 22:04:38,293 INFO o.a.j.t.JMeterThread: Thread finished: Thread Group 1-4
2019-06-07 22:04:38,402 INFO o.a.j.t.JMeterThread: Thread is done: Thread Group 1-1
2019-06-07 22:04:38,402 INFO o.a.j.t.JMeterThread: Thread finished: Thread Group 1-1
2019-06-07 22:04:38,418 INFO o.a.j.t.JMeterThread: Thread is done: Thread Group 1-5
2019-06-07 22:04:38,418 INFO o.a.j.t.JMeterThread: Thread finished: Thread Group 1-5
2019-06-07 22:04:38,433 INFO o.a.j.e.StandardJMeterEngine: Notifying test listeners of end of test
2019-06-07 22:04:38,433 INFO o.a.j.g.u.JMeterMenuBar: setRunning(false, *local*)
2019-06-07 22:05:24,824 INFO o.a.j.e.StandardJMeterEngine: Running the test!
2019-06-07 22:05:24,824 INFO o.a.j.s.SampleEvent: List of sample_variables: []
2019-06-07 22:05:24,839 INFO o.a.j.g.u.JMeterMenuBar: setRunning(true, *local*)
2019-06-07 22:05:25,027 INFO o.a.j.e.StandardJMeterEngine: Starting ThreadGroup: 1 : Thread Group
2019-06-07 22:05:25,027 INFO o.a.j.e.StandardJMeterEngine: Starting 5 threads for group Thread Group.
2019-06-07 22:05:25,027 INFO o.a.j.e.StandardJMeterEngine: Thread will continue on error
2019-06-07 22:05:25,027 INFO o.a.j.t.ThreadGroup: Starting thread group... number=1 threads=5 ramp-up=1 delayedStart=false
2019-06-07 22:05:25,042 INFO o.a.j.t.ThreadGroup: Started thread group number 1
2019-06-07 22:05:25,042 INFO o.a.j.e.StandardJMeterEngine: All thread groups have been started
2019-06-07 22:05:25,042 INFO o.a.j.t.JMeterThread: Thread started: Thread Group 1-1
2019-06-07 22:05:25,243 INFO o.a.j.t.JMeterThread: Thread started: Thread Group 1-2
2019-06-07 22:05:25,428 INFO o.a.j.t.JMeterThread: Thread started: Thread Group 1-3
2019-06-07 22:05:25,628 INFO o.a.j.t.JMeterThread: Thread started: Thread Group 1-4
2019-06-07 22:05:25,828 INFO o.a.j.t.JMeterThread: Thread started: Thread Group 1-5
2019-06-07 22:05:31,668 INFO o.a.j.t.JMeterThread: Thread is done: Thread Group 1-2
2019-06-07 22:05:31,668 INFO o.a.j.t.JMeterThread: Thread finished: Thread Group 1-2
2019-06-07 22:05:31,949 INFO o.a.j.t.JMeterThread: Thread is done: Thread Group 1-1
2019-06-07 22:05:31,949 INFO o.a.j.t.JMeterThread: Thread finished: Thread Group 1-1
2019-06-07 22:05:32,777 INFO o.a.j.t.JMeterThread: Thread is done: Thread Group 1-5
2019-06-07 22:05:32,777 INFO o.a.j.t.JMeterThread: Thread finished: Thread Group 1-5
2019-06-07 22:05:33,120 INFO o.a.j.t.JMeterThread: Thread is done: Thread Group 1-3
2019-06-07 22:05:33,120 INFO o.a.j.t.JMeterThread: Thread finished: Thread Group 1-3
2019-06-07 22:05:33,962 INFO o.a.j.t.JMeterThread: Thread is done: Thread Group 1-4
2019-06-07 22:05:33,962 INFO o.a.j.t.JMeterThread: Thread finished: Thread Group 1-4
2019-06-07 22:05:33,962 INFO o.a.j.e.StandardJMeterEngine: Notifying test listeners of end of test
2019-06-07 22:05:33,962 INFO o.a.j.g.u.JMeterMenuBar: setRunning(false, *local*)
2019-06-07 22:10:31,008 INFO o.a.j.e.StandardJMeterEngine: Running the test!
2019-06-07 22:10:31,008 INFO o.a.j.s.SampleEvent: List of sample_variables: []
2019-06-07 22:10:31,011 INFO o.a.j.g.u.JMeterMenuBar: setRunning(true, *local*)
2019-06-07 22:10:31,176 INFO o.a.j.e.StandardJMeterEngine: Starting ThreadGroup: 1 : Thread Group
2019-06-07 22:10:31,176 INFO o.a.j.e.StandardJMeterEngine: Starting 5 threads for group Thread Group.
2019-06-07 22:10:31,177 INFO o.a.j.e.StandardJMeterEngine: Thread will continue on error
2019-06-07 22:10:31,177 INFO o.a.j.t.ThreadGroup: Starting thread group... number=1 threads=5 ramp-up=1 delayedStart=false
2019-06-07 22:10:31,180 INFO o.a.j.t.JMeterThread: Thread started: Thread Group 1-1
2019-06-07 22:10:31,183 INFO o.a.j.t.ThreadGroup: Started thread group number 1
2019-06-07 22:10:31,183 INFO o.a.j.e.StandardJMeterEngine: All thread groups have been started
2019-06-07 22:10:31,379 INFO o.a.j.t.JMeterThread: Thread started: Thread Group 1-2
2019-06-07 22:10:31,579 INFO o.a.j.t.JMeterThread: Thread started: Thread Group 1-3
2019-06-07 22:10:31,780 INFO o.a.j.t.JMeterThread: Thread started: Thread Group 1-4
2019-06-07 22:10:31,980 INFO o.a.j.t.JMeterThread: Thread started: Thread Group 1-5
2019-06-07 22:10:37,080 INFO o.a.j.t.JMeterThread: Thread is done: Thread Group 1-3
2019-06-07 22:10:37,080 INFO o.a.j.t.JMeterThread: Thread finished: Thread Group 1-3
2019-06-07 22:10:38,933 INFO o.a.j.t.JMeterThread: Thread is done: Thread Group 1-1
2019-06-07 22:10:38,933 INFO o.a.j.t.JMeterThread: Thread finished: Thread Group 1-1
2019-06-07 22:10:39,094 INFO o.a.j.t.JMeterThread: Thread is done: Thread Group 1-4
2019-06-07 22:10:39,095 INFO o.a.j.t.JMeterThread: Thread finished: Thread Group 1-4
2019-06-07 22:10:39,482 INFO o.a.j.t.JMeterThread: Thread is done: Thread Group 1-2
2019-06-07 22:10:39,483 INFO o.a.j.t.JMeterThread: Thread finished: Thread Group 1-2
2019-06-07 22:10:40,127 INFO o.a.j.t.JMeterThread: Thread is done: Thread Group 1-5
2019-06-07 22:10:40,128 INFO o.a.j.t.JMeterThread: Thread finished: Thread Group 1-5
2019-06-07 22:10:40,129 INFO o.a.j.e.StandardJMeterEngine: Notifying test listeners of end of test
2019-06-07 22:10:40,129 INFO o.a.j.g.u.JMeterMenuBar: setRunning(false, *local*)
2019-06-07 22:45:33,848 INFO o.a.j.e.StandardJMeterEngine: Running the test!
2019-06-07 22:45:33,848 INFO o.a.j.s.SampleEvent: List of sample_variables: []
2019-06-07 22:45:33,851 INFO o.a.j.g.u.JMeterMenuBar: setRunning(true, *local*)
2019-06-07 22:45:33,866 INFO o.a.j.e.StandardJMeterEngine: Starting ThreadGroup: 1 : Thread Group
2019-06-07 22:45:33,866 INFO o.a.j.e.StandardJMeterEngine: Starting 5 threads for group Thread Group.
2019-06-07 22:45:33,866 INFO o.a.j.e.StandardJMeterEngine: Thread will continue on error
2019-06-07 22:45:33,866 INFO o.a.j.t.ThreadGroup: Starting thread group... number=1 threads=5 ramp-up=1 delayedStart=false
2019-06-07 22:45:33,869 INFO o.a.j.t.JMeterThread: Thread started: Thread Group 1-1
2019-06-07 22:45:33,880 INFO o.a.j.t.ThreadGroup: Started thread group number 1
2019-06-07 22:45:33,880 INFO o.a.j.e.StandardJMeterEngine: All thread groups have been started
2019-06-07 22:45:34,075 INFO o.a.j.t.JMeterThread: Thread started: Thread Group 1-2
2019-06-07 22:45:34,275 INFO o.a.j.t.JMeterThread: Thread started: Thread Group 1-3
2019-06-07 22:45:34,476 INFO o.a.j.t.JMeterThread: Thread started: Thread Group 1-4
2019-06-07 22:45:34,671 INFO o.a.j.t.JMeterThread: Thread started: Thread Group 1-5
2019-06-07 22:45:39,288 INFO o.a.j.t.JMeterThread: Thread is done: Thread Group 1-1
2019-06-07 22:45:39,289 INFO o.a.j.t.JMeterThread: Thread finished: Thread Group 1-1
2019-06-07 22:45:40,970 INFO o.a.j.t.JMeterThread: Thread is done: Thread Group 1-2
2019-06-07 22:45:40,971 INFO o.a.j.t.JMeterThread: Thread finished: Thread Group 1-2
2019-06-07 22:45:41,177 INFO o.a.j.t.JMeterThread: Thread is done: Thread Group 1-3
2019-06-07 22:45:41,177 INFO o.a.j.t.JMeterThread: Thread finished: Thread Group 1-3
2019-06-07 22:45:41,335 INFO o.a.j.t.JMeterThread: Thread is done: Thread Group 1-5
2019-06-07 22:45:41,335 INFO o.a.j.t.JMeterThread: Thread finished: Thread Group 1-5
2019-06-07 22:45:41,658 INFO o.a.j.t.JMeterThread: Thread is done: Thread Group 1-4
2019-06-07 22:45:41,658 INFO o.a.j.t.JMeterThread: Thread finished: Thread Group 1-4
2019-06-07 22:45:41,659 INFO o.a.j.e.StandardJMeterEngine: Notifying test listeners of end of test
2019-06-07 22:45:41,659 INFO o.a.j.g.u.JMeterMenuBar: setRunning(false, *local*)
2019-06-07 22:48:44,139 INFO o.a.j.e.StandardJMeterEngine: Running the test!
2019-06-07 22:48:44,139 INFO o.a.j.s.SampleEvent: List of sample_variables: []
2019-06-07 22:48:44,144 INFO o.a.j.g.u.JMeterMenuBar: setRunning(true, *local*)
2019-06-07 22:48:44,158 INFO o.a.j.e.StandardJMeterEngine: Starting ThreadGroup: 1 : Thread Group
2019-06-07 22:48:44,158 INFO o.a.j.e.StandardJMeterEngine: Starting 5 threads for group Thread Group.
2019-06-07 22:48:44,158 INFO o.a.j.e.StandardJMeterEngine: Thread will continue on error
2019-06-07 22:48:44,158 INFO o.a.j.t.ThreadGroup: Starting thread group... number=1 threads=5 ramp-up=1 delayedStart=false
2019-06-07 22:48:44,169 INFO o.a.j.t.JMeterThread: Thread started: Thread Group 1-1
2019-06-07 22:48:44,176 INFO o.a.j.t.ThreadGroup: Started thread group number 1
2019-06-07 22:48:44,176 INFO o.a.j.e.StandardJMeterEngine: All thread groups have been started
2019-06-07 22:48:44,368 INFO o.a.j.t.JMeterThread: Thread started: Thread Group 1-2
2019-06-07 22:48:44,570 INFO o.a.j.t.JMeterThread: Thread started: Thread Group 1-3
2019-06-07 22:48:44,764 INFO o.a.j.t.JMeterThread: Thread started: Thread Group 1-4
2019-06-07 22:48:44,961 INFO o.a.j.t.JMeterThread: Thread started: Thread Group 1-5
2019-06-07 22:48:50,112 INFO o.a.j.t.JMeterThread: Thread is done: Thread Group 1-4
2019-06-07 22:48:50,113 INFO o.a.j.t.JMeterThread: Thread finished: Thread Group 1-4
2019-06-07 22:48:50,495 INFO o.a.j.t.JMeterThread: Thread is done: Thread Group 1-2
2019-06-07 22:48:50,495 INFO o.a.j.t.JMeterThread: Thread finished: Thread Group 1-2
2019-06-07 22:48:50,909 INFO o.a.j.t.JMeterThread: Thread is done: Thread Group 1-3
2019-06-07 22:48:50,909 INFO o.a.j.t.JMeterThread: Thread finished: Thread Group 1-3
2019-06-07 22:48:51,338 INFO o.a.j.t.JMeterThread: Thread is done: Thread Group 1-1
2019-06-07 22:48:51,338 INFO o.a.j.t.JMeterThread: Thread finished: Thread Group 1-1
2019-06-07 22:48:51,856 INFO o.a.j.t.JMeterThread: Thread is done: Thread Group 1-5
2019-06-07 22:48:51,856 INFO o.a.j.t.JMeterThread: Thread finished: Thread Group 1-5
2019-06-07 22:48:51,857 INFO o.a.j.e.StandardJMeterEngine: Notifying test listeners of end of test
2019-06-07 22:48:51,857 INFO o.a.j.g.u.JMeterMenuBar: setRunning(false, *local*)
2019-06-07 22:50:47,819 INFO o.a.j.e.StandardJMeterEngine: Running the test!
2019-06-07 22:50:47,820 INFO o.a.j.s.SampleEvent: List of sample_variables: []
2019-06-07 22:50:47,822 INFO o.a.j.g.u.JMeterMenuBar: setRunning(true, *local*)
2019-06-07 22:50:48,002 INFO o.a.j.e.StandardJMeterEngine: Starting ThreadGroup: 1 : Thread Group
2019-06-07 22:50:48,003 INFO o.a.j.e.StandardJMeterEngine: Starting 5 threads for group Thread Group.
2019-06-07 22:50:48,003 INFO o.a.j.e.StandardJMeterEngine: Thread will continue on error
2019-06-07 22:50:48,003 INFO o.a.j.t.ThreadGroup: Starting thread group... number=1 threads=5 ramp-up=1 delayedStart=false
2019-06-07 22:50:48,008 INFO o.a.j.t.ThreadGroup: Started thread group number 1
2019-06-07 22:50:48,008 INFO o.a.j.e.StandardJMeterEngine: All thread groups have been started
2019-06-07 22:50:48,012 INFO o.a.j.t.JMeterThread: Thread started: Thread Group 1-1
2019-06-07 22:50:48,211 INFO o.a.j.t.JMeterThread: Thread started: Thread Group 1-2
2019-06-07 22:50:48,410 INFO o.a.j.t.JMeterThread: Thread started: Thread Group 1-3
2019-06-07 22:50:48,609 INFO o.a.j.t.JMeterThread: Thread started: Thread Group 1-4
2019-06-07 22:50:48,808 INFO o.a.j.t.JMeterThread: Thread started: Thread Group 1-5
2019-06-07 22:50:54,784 INFO o.a.j.t.JMeterThread: Thread is done: Thread Group 1-1
2019-06-07 22:50:54,785 INFO o.a.j.t.JMeterThread: Thread finished: Thread Group 1-1
2019-06-07 22:50:54,872 INFO o.a.j.t.JMeterThread: Thread is done: Thread Group 1-4
2019-06-07 22:50:54,872 INFO o.a.j.t.JMeterThread: Thread finished: Thread Group 1-4
2019-06-07 22:50:55,044 INFO o.a.j.t.JMeterThread: Thread is done: Thread Group 1-3
2019-06-07 22:50:55,044 INFO o.a.j.t.JMeterThread: Thread finished: Thread Group 1-3
2019-06-07 22:50:55,375 INFO o.a.j.t.JMeterThread: Thread is done: Thread Group 1-5
2019-06-07 22:50:55,375 INFO o.a.j.t.JMeterThread: Thread finished: Thread Group 1-5
2019-06-07 22:50:55,889 INFO o.a.j.t.JMeterThread: Thread is done: Thread Group 1-2
2019-06-07 22:50:55,889 INFO o.a.j.t.JMeterThread: Thread finished: Thread Group 1-2
2019-06-07 22:50:55,890 INFO o.a.j.e.StandardJMeterEngine: Notifying test listeners of end of test
2019-06-07 22:50:55,890 INFO o.a.j.g.u.JMeterMenuBar: setRunning(false, *local*)
2019-06-07 22:57:48,491 INFO o.a.j.e.StandardJMeterEngine: Running the test!
2019-06-07 22:57:48,492 INFO o.a.j.s.SampleEvent: List of sample_variables: []
2019-06-07 22:57:48,495 INFO o.a.j.g.u.JMeterMenuBar: setRunning(true, *local*)
2019-06-07 22:57:48,500 INFO o.a.j.e.StandardJMeterEngine: Starting ThreadGroup: 1 : Thread Group
2019-06-07 22:57:48,501 INFO o.a.j.e.StandardJMeterEngine: Starting 5 threads for group Thread Group.
2019-06-07 22:57:48,501 INFO o.a.j.e.StandardJMeterEngine: Thread will continue on error
2019-06-07 22:57:48,501 INFO o.a.j.t.ThreadGroup: Starting thread group... number=1 threads=5 ramp-up=1 delayedStart=false
2019-06-07 22:57:48,503 INFO o.a.j.t.JMeterThread: Thread started: Thread Group 1-1
2019-06-07 22:57:48,522 INFO o.a.j.t.ThreadGroup: Started thread group number 1
2019-06-07 22:57:48,522 INFO o.a.j.e.StandardJMeterEngine: All thread groups have been started
2019-06-07 22:57:48,703 INFO o.a.j.t.JMeterThread: Thread started: Thread Group 1-2
2019-06-07 22:57:48,917 INFO o.a.j.t.JMeterThread: Thread started: Thread Group 1-3
2019-06-07 22:57:49,122 INFO o.a.j.t.JMeterThread: Thread started: Thread Group 1-4
2019-06-07 22:57:49,305 INFO o.a.j.t.JMeterThread: Thread started: Thread Group 1-5
2019-06-07 22:57:54,929 INFO o.a.j.t.JMeterThread: Thread is done: Thread Group 1-3
2019-06-07 22:57:54,930 INFO o.a.j.t.JMeterThread: Thread finished: Thread Group 1-3
2019-06-07 22:57:55,103 INFO o.a.j.t.JMeterThread: Thread is done: Thread Group 1-1
2019-06-07 22:57:55,104 INFO o.a.j.t.JMeterThread: Thread finished: Thread Group 1-1
2019-06-07 22:57:55,678 INFO o.a.j.t.JMeterThread: Thread is done: Thread Group 1-4
2019-06-07 22:57:55,678 INFO o.a.j.t.JMeterThread: Thread finished: Thread Group 1-4
2019-06-07 22:57:55,853 INFO o.a.j.t.JMeterThread: Thread is done: Thread Group 1-5
2019-06-07 22:57:55,853 INFO o.a.j.t.JMeterThread: Thread finished: Thread Group 1-5
2019-06-07 22:57:56,055 INFO o.a.j.t.JMeterThread: Thread is done: Thread Group 1-2
2019-06-07 22:57:56,055 INFO o.a.j.t.JMeterThread: Thread finished: Thread Group 1-2
2019-06-07 22:57:56,055 INFO o.a.j.e.StandardJMeterEngine: Notifying test listeners of end of test
2019-06-07 22:57:56,056 INFO o.a.j.g.u.JMeterMenuBar: setRunning(false, *local*)
2019-06-08 00:12:15,648 INFO o.a.j.p.h.p.ProxyControl: Creating HTTP(S) Test Script Recorder Root CA in D:\Shevtsov\apache-jmeter-5.1.1\bin\proxyserver.jks, ensure you install certificate in your Browser for recording
2019-06-08 00:12:27,523 INFO o.a.j.p.h.p.ProxyControl: Created keystore in D:\Shevtsov\apache-jmeter-5.1.1\bin\proxyserver.jks
2019-06-08 00:12:27,739 INFO o.a.j.p.h.p.Daemon: Creating Daemon Socket on port: 8080
2019-06-08 00:12:27,740 INFO o.a.j.p.h.p.Daemon: Test Script Recorder up and running!
2019-06-08 00:13:43,788 INFO o.a.j.p.h.p.Daemon: HTTP(S) Test Script Recorder stopped
2019-06-08 00:13:47,803 INFO o.a.j.p.h.p.ProxyControl: Valid alias found for :root_ca:
2019-06-08 00:13:47,803 INFO o.a.j.p.h.p.ProxyControl: Valid alias found for :intermediate_ca:
2019-06-08 00:13:47,803 INFO o.a.j.p.h.p.Daemon: Creating Daemon Socket on port: 8080
2019-06-08 00:13:47,803 INFO o.a.j.p.h.p.Daemon: Test Script Recorder up and running!
2019-06-08 00:16:09,690 INFO o.a.j.p.h.p.Daemon: HTTP(S) Test Script Recorder stopped
2019-06-08 00:18:40,288 INFO o.a.j.p.h.p.ProxyControl: Valid alias found for :root_ca:
2019-06-08 00:18:40,288 INFO o.a.j.p.h.p.ProxyControl: Valid alias found for :intermediate_ca:
2019-06-08 00:18:40,288 INFO o.a.j.p.h.p.Daemon: Creating Daemon Socket on port: 8080
2019-06-08 00:18:40,289 INFO o.a.j.p.h.p.Daemon: Test Script Recorder up and running!
2019-06-08 00:18:40,487 INFO o.a.j.p.h.p.Proxy: Proxy will remove the headers: If-Modified-Since,If-None-Match,Host
2019-06-08 00:18:40,491 INFO o.a.j.p.h.p.ProxyControl: [50294]  Creating entry www.youtube.com in D:\Shevtsov\apache-jmeter-5.1.1\bin\proxyserver.jks
2019-06-08 00:18:47,582 INFO o.a.j.p.h.p.ProxyControl: [50299]  Creating entry mc.yandex.ru in D:\Shevtsov\apache-jmeter-5.1.1\bin\proxyserver.jks
2019-06-08 00:18:47,888 INFO o.a.j.p.h.p.Proxy: [50294]  KeyStore for SSL loaded OK and put host 'www.youtube.com' in map with key (www.youtube.com)
2019-06-08 00:18:47,964 WARN o.a.j.p.h.p.Proxy: [50294]  Problem with SSL certificate for url  for 'www.youtube.com'? Ensure browser is set to accept the JMeter proxy cert: Received fatal alert: certificate_unknown
2019-06-08 00:18:52,047 WARN o.a.j.p.h.p.Proxy: [50306]  Problem with SSL certificate for url  for 'www.youtube.com'? Ensure browser is set to accept the JMeter proxy cert: Received fatal alert: certificate_unknown
2019-06-08 00:18:54,187 INFO o.a.j.p.h.p.ProxyControl: [50298]  Creating entry best.aliexpress.com in D:\Shevtsov\apache-jmeter-5.1.1\bin\proxyserver.jks
2019-06-08 00:18:54,447 INFO o.a.j.p.h.p.Proxy: [50299]  KeyStore for SSL loaded OK and put host 'mc.yandex.ru' in map with key (mc.yandex.ru)
2019-06-08 00:18:54,466 WARN o.a.j.p.h.p.Proxy: [50295]  Problem with SSL certificate for url  for 'www.youtube.com'? Ensure browser is set to accept the JMeter proxy cert: Received fatal alert: certificate_unknown
2019-06-08 00:18:54,469 WARN o.a.j.p.h.p.Proxy: [50299]  Problem with SSL certificate for url  for 'mc.yandex.ru'? Ensure browser is set to accept the JMeter proxy cert: Received fatal alert: certificate_unknown
2019-06-08 00:19:00,769 INFO o.a.j.p.h.p.ProxyControl: [50303]  Creating entry sitecheck.opera.com in D:\Shevtsov\apache-jmeter-5.1.1\bin\proxyserver.jks
2019-06-08 00:19:01,275 INFO o.a.j.p.h.p.Proxy: [50298]  KeyStore for SSL loaded OK and put host 'best.aliexpress.com' in map with key (best.aliexpress.com)
2019-06-08 00:19:01,294 WARN o.a.j.p.h.p.Proxy: [50298]  Problem with SSL certificate for url  for 'best.aliexpress.com'? Ensure browser is set to accept the JMeter proxy cert: Received fatal alert: certificate_unknown
2019-06-08 00:19:07,544 INFO o.a.j.p.h.p.ProxyControl: [50305]  Creating entry www.aliexpress.com in D:\Shevtsov\apache-jmeter-5.1.1\bin\proxyserver.jks
2019-06-08 00:19:08,183 INFO o.a.j.p.h.p.Proxy: [50303]  KeyStore for SSL loaded OK and put host 'sitecheck.opera.com' in map with key (sitecheck.opera.com)
2019-06-08 00:19:08,203 WARN o.a.j.p.h.p.Proxy: [50303]  Problem with SSL certificate for url  for 'sitecheck.opera.com'? Ensure browser is set to accept the JMeter proxy cert: Received fatal alert: certificate_unknown
2019-06-08 00:19:14,753 INFO o.a.j.p.h.p.ProxyControl: [50302]  Creating entry a.cnzz.com in D:\Shevtsov\apache-jmeter-5.1.1\bin\proxyserver.jks
2019-06-08 00:19:15,312 INFO o.a.j.p.h.p.Proxy: [50305]  KeyStore for SSL loaded OK and put host 'www.aliexpress.com' in map with key (www.aliexpress.com)
2019-06-08 00:19:15,347 WARN o.a.j.p.h.p.Proxy: [50305]  Problem with SSL certificate for url  for 'www.aliexpress.com'? Ensure browser is set to accept the JMeter proxy cert: Received fatal alert: certificate_unknown
2019-06-08 00:19:15,347 WARN o.a.j.p.h.p.Proxy: [50304]  Problem with SSL certificate for url  for 'www.aliexpress.com'? Ensure browser is set to accept the JMeter proxy cert: Received fatal alert: certificate_unknown
2019-06-08 00:19:15,487 WARN o.a.j.p.h.p.Proxy: [50311]  Problem with SSL certificate for url  for 'sitecheck.opera.com'? Ensure browser is set to accept the JMeter proxy cert: Received fatal alert: certificate_unknown
2019-06-08 00:19:22,285 INFO o.a.j.p.h.p.Proxy: [50302]  KeyStore for SSL loaded OK and put host 'a.cnzz.com' in map with key (a.cnzz.com)
2019-06-08 00:19:22,304 WARN o.a.j.p.h.p.Proxy: [50302]  Problem with SSL certificate for url  for 'a.cnzz.com'? Ensure browser is set to accept the JMeter proxy cert: Software caused connection abort: recv failed
2019-06-08 00:19:22,308 WARN o.a.j.p.h.p.Proxy: [50312]  Problem with SSL certificate for url  for 'www.youtube.com'? Ensure browser is set to accept the JMeter proxy cert: Received fatal alert: certificate_unknown
2019-06-08 00:19:22,310 WARN o.a.j.p.h.p.Proxy: [50301]  Problem with SSL certificate for url  for 'mc.yandex.ru'? Ensure browser is set to accept the JMeter proxy cert: Software caused connection abort: recv failed
2019-06-08 00:19:22,312 WARN o.a.j.p.h.p.Proxy: [50300]  Problem with SSL certificate for url  for 'mc.yandex.ru'? Ensure browser is set to accept the JMeter proxy cert: Software caused connection abort: recv failed
2019-06-08 00:19:25,772 WARN o.a.j.p.h.p.Proxy: [50313]  Problem with SSL certificate for url  for 'www.youtube.com'? Ensure browser is set to accept the JMeter proxy cert: Received fatal alert: certificate_unknown
2019-06-08 00:19:27,045 WARN o.a.j.p.h.p.Proxy: [50314]  Problem with SSL certificate for url  for 'www.youtube.com'? Ensure browser is set to accept the JMeter proxy cert: Received fatal alert: certificate_unknown
2019-06-08 00:19:40,362 INFO o.a.j.p.h.p.ProxyControl: [50316]  Creating entry dictionary.cambridge.org in D:\Shevtsov\apache-jmeter-5.1.1\bin\proxyserver.jks
2019-06-08 00:19:40,379 WARN o.a.j.p.h.p.Proxy: [50315]  Problem with SSL certificate for url  for 'a.cnzz.com'? Ensure browser is set to accept the JMeter proxy cert: Received fatal alert: certificate_unknown
2019-06-08 00:19:45,516 WARN o.a.j.p.h.p.Proxy: [50318]  Problem with SSL certificate for url  for 'a.cnzz.com'? Ensure browser is set to accept the JMeter proxy cert: Received fatal alert: certificate_unknown
2019-06-08 00:19:47,047 WARN o.a.j.p.h.p.Proxy: [50319]  Problem with SSL certificate for url  for 'www.youtube.com'? Ensure browser is set to accept the JMeter proxy cert: Received fatal alert: certificate_unknown
2019-06-08 00:19:48,220 INFO o.a.j.p.h.p.Proxy: [50316]  KeyStore for SSL loaded OK and put host 'dictionary.cambridge.org' in map with key (dictionary.cambridge.org)
2019-06-08 00:19:48,238 WARN o.a.j.p.h.p.Proxy: [50316]  Problem with SSL certificate for url  for 'dictionary.cambridge.org'? Ensure browser is set to accept the JMeter proxy cert: Received fatal alert: certificate_unknown
2019-06-08 00:19:48,238 WARN o.a.j.p.h.p.Proxy: [50317]  Problem with SSL certificate for url  for 'dictionary.cambridge.org'? Ensure browser is set to accept the JMeter proxy cert: Received fatal alert: certificate_unknown
2019-06-08 00:19:52,041 WARN o.a.j.p.h.p.Proxy: [50322]  Problem with SSL certificate for url  for 'www.youtube.com'? Ensure browser is set to accept the JMeter proxy cert: Received fatal alert: certificate_unknown
2019-06-08 00:19:57,043 WARN o.a.j.p.h.p.Proxy: [50323]  Problem with SSL certificate for url  for 'www.youtube.com'? Ensure browser is set to accept the JMeter proxy cert: Received fatal alert: certificate_unknown
2019-06-08 00:20:11,551 INFO o.a.j.p.h.p.ProxyControl: [50324]  Creating entry help.opera.com in D:\Shevtsov\apache-jmeter-5.1.1\bin\proxyserver.jks
2019-06-08 00:20:18,894 INFO o.a.j.p.h.p.ProxyControl: [50326]  Creating entry www-static-sites.operacdn.com in D:\Shevtsov\apache-jmeter-5.1.1\bin\proxyserver.jks
2019-06-08 00:20:19,934 INFO o.a.j.p.h.p.Proxy: [50324]  KeyStore for SSL loaded OK and put host 'help.opera.com' in map with key (help.opera.com)
2019-06-08 00:20:19,951 WARN o.a.j.p.h.p.Proxy: [50324]  Problem with SSL certificate for url  for 'help.opera.com'? Ensure browser is set to accept the JMeter proxy cert: Received fatal alert: certificate_unknown
2019-06-08 00:20:26,445 INFO o.a.j.p.h.p.ProxyControl: [50325]  Creating entry www.googletagmanager.com in D:\Shevtsov\apache-jmeter-5.1.1\bin\proxyserver.jks
2019-06-08 00:20:27,597 INFO o.a.j.p.h.p.Proxy: [50326]  KeyStore for SSL loaded OK and put host 'www-static-sites.operacdn.com' in map with key (www-static-sites.operacdn.com)
2019-06-08 00:20:27,627 WARN o.a.j.p.h.p.Proxy: [50326]  Problem with SSL certificate for url  for 'www-static-sites.operacdn.com'? Ensure browser is set to accept the JMeter proxy cert: Received fatal alert: certificate_unknown
2019-06-08 00:20:35,210 INFO o.a.j.p.h.p.Proxy: [50325]  KeyStore for SSL loaded OK and put host 'www.googletagmanager.com' in map with key (www.googletagmanager.com)
2019-06-08 00:20:35,228 WARN o.a.j.p.h.p.Proxy: [50325]  Problem with SSL certificate for url  for 'www.googletagmanager.com'? Ensure browser is set to accept the JMeter proxy cert: Received fatal alert: certificate_unknown
2019-06-08 00:21:22,043 WARN o.a.j.p.h.p.Proxy: [50410]  Problem with SSL certificate for url  for 'www.youtube.com'? Ensure browser is set to accept the JMeter proxy cert: Received fatal alert: certificate_unknown
2019-06-08 00:21:28,252 INFO o.a.j.p.h.p.ProxyControl: [50411]  Creating entry export.yandex.ru in D:\Shevtsov\apache-jmeter-5.1.1\bin\proxyserver.jks
2019-06-08 00:21:34,943 INFO o.a.j.p.h.p.ProxyControl: [50419]  Creating entry soft.export.yandex.ru in D:\Shevtsov\apache-jmeter-5.1.1\bin\proxyserver.jks
2019-06-08 00:21:36,303 INFO o.a.j.p.h.p.Proxy: [50411]  KeyStore for SSL loaded OK and put host 'export.yandex.ru' in map with key (export.yandex.ru)
2019-06-08 00:21:36,323 WARN o.a.j.p.h.p.Proxy: [50411]  Problem with SSL certificate for url  for 'export.yandex.ru'? Ensure browser is set to accept the JMeter proxy cert: Received fatal alert: certificate_unknown
2019-06-08 00:21:42,158 WARN o.a.j.p.h.p.Proxy: [50433]  Problem with SSL certificate for url  for 'mc.yandex.ru'? Ensure browser is set to accept the JMeter proxy cert: Received fatal alert: certificate_unknown
2019-06-08 00:21:42,400 INFO o.a.j.p.h.p.ProxyControl: [50418]  Creating entry zen.yandex.ru in D:\Shevtsov\apache-jmeter-5.1.1\bin\proxyserver.jks
2019-06-08 00:21:43,932 INFO o.a.j.p.h.p.Proxy: [50419]  KeyStore for SSL loaded OK and put host 'soft.export.yandex.ru' in map with key (soft.export.yandex.ru)
2019-06-08 00:21:44,135 WARN o.a.j.p.h.p.Proxy: [50419]  Empty response to http over SSL. Probably waiting for user to authorize the certificate for soft.export.yandex.ru:443
2019-06-08 00:21:44,641 WARN o.a.j.p.h.p.Proxy: [50448]  Problem with SSL certificate for url  for 'soft.export.yandex.ru'? Ensure browser is set to accept the JMeter proxy cert: Received fatal alert: certificate_unknown
2019-06-08 00:21:49,390 INFO o.a.j.p.h.p.ProxyControl: [50417]  Creating entry storage.ape.yandex.net in D:\Shevtsov\apache-jmeter-5.1.1\bin\proxyserver.jks
2019-06-08 00:21:51,115 INFO o.a.j.p.h.p.Proxy: [50418]  KeyStore for SSL loaded OK and put host 'zen.yandex.ru' in map with key (zen.yandex.ru)
2019-06-08 00:21:51,134 WARN o.a.j.p.h.p.Proxy: [50418]  Problem with SSL certificate for url  for 'zen.yandex.ru'? Ensure browser is set to accept the JMeter proxy cert: Received fatal alert: certificate_unknown
2019-06-08 00:21:52,055 WARN o.a.j.p.h.p.Proxy: [50449]  Problem with SSL certificate for url  for 'www.youtube.com'? Ensure browser is set to accept the JMeter proxy cert: Received fatal alert: certificate_unknown
2019-06-08 00:21:56,874 INFO o.a.j.p.h.p.ProxyControl: [50416]  Creating entry sync.disk.yandex.net in D:\Shevtsov\apache-jmeter-5.1.1\bin\proxyserver.jks
2019-06-08 00:21:58,647 INFO o.a.j.p.h.p.Proxy: [50417]  KeyStore for SSL loaded OK and put host 'storage.ape.yandex.net' in map with key (storage.ape.yandex.net)
2019-06-08 00:21:58,671 WARN o.a.j.p.h.p.Proxy: [50417]  Problem with SSL certificate for url  for 'storage.ape.yandex.net'? Ensure browser is set to accept the JMeter proxy cert: Received fatal alert: certificate_unknown
2019-06-08 00:22:03,904 INFO o.a.j.p.h.p.ProxyControl: [50414]  Creating entry mail.yandex.ru in D:\Shevtsov\apache-jmeter-5.1.1\bin\proxyserver.jks
2019-06-08 00:22:05,879 INFO o.a.j.p.h.p.Proxy: [50416]  KeyStore for SSL loaded OK and put host 'sync.disk.yandex.net' in map with key (sync.disk.yandex.net)
2019-06-08 00:22:05,902 WARN o.a.j.p.h.p.Proxy: [50416]  Problem with SSL certificate for url  for 'sync.disk.yandex.net'? Ensure browser is set to accept the JMeter proxy cert: Software caused connection abort: recv failed
2019-06-08 00:22:11,068 INFO o.a.j.p.h.p.ProxyControl: [50413]  Creating entry vk.com in D:\Shevtsov\apache-jmeter-5.1.1\bin\proxyserver.jks
2019-06-08 00:22:11,628 INFO o.a.j.p.h.p.Daemon: HTTP(S) Test Script Recorder stopped
2019-06-08 00:22:13,056 INFO o.a.j.p.h.p.Proxy: [50414]  KeyStore for SSL loaded OK and put host 'mail.yandex.ru' in map with key (mail.yandex.ru)
2019-06-08 00:22:13,077 WARN o.a.j.p.h.p.Proxy: [50414]  Problem with SSL certificate for url  for 'mail.yandex.ru'? Ensure browser is set to accept the JMeter proxy cert: Software caused connection abort: recv failed
2019-06-08 00:22:18,198 INFO o.a.j.p.h.p.ProxyControl: [50450]  Creating entry yandex.ru in D:\Shevtsov\apache-jmeter-5.1.1\bin\proxyserver.jks
2019-06-08 00:22:20,298 INFO o.a.j.p.h.p.Proxy: [50413]  KeyStore for SSL loaded OK and put host 'vk.com' in map with key (vk.com)
2019-06-08 00:22:20,321 WARN o.a.j.p.h.p.Proxy: [50413]  Problem with SSL certificate for url  for 'vk.com'? Ensure browser is set to accept the JMeter proxy cert: Software caused connection abort: recv failed
2019-06-08 00:22:25,605 INFO o.a.j.p.h.p.ProxyControl: [50447]  Creating entry static.doubleclick.net in D:\Shevtsov\apache-jmeter-5.1.1\bin\proxyserver.jks
2019-06-08 00:22:25,702 INFO o.a.j.p.h.p.ProxyControl: Valid alias found for :root_ca:
2019-06-08 00:22:25,702 INFO o.a.j.p.h.p.ProxyControl: Valid alias found for :intermediate_ca:
2019-06-08 00:22:25,702 INFO o.a.j.p.h.p.Daemon: Creating Daemon Socket on port: 8080
2019-06-08 00:22:25,704 INFO o.a.j.p.h.p.Daemon: Test Script Recorder up and running!
2019-06-08 00:22:27,739 INFO o.a.j.p.h.p.Proxy: [50450]  KeyStore for SSL loaded OK and put host 'yandex.ru' in map with key (yandex.ru)
2019-06-08 00:22:27,758 WARN o.a.j.p.h.p.Proxy: [50795]  Problem with SSL certificate for url  for 'mc.yandex.ru'? Ensure browser is set to accept the JMeter proxy cert: Received fatal alert: certificate_unknown
2019-06-08 00:22:27,767 WARN o.a.j.p.h.p.Proxy: [50450]  Problem with SSL certificate for url  for 'yandex.ru'? Ensure browser is set to accept the JMeter proxy cert: Received fatal alert: certificate_unknown
2019-06-08 00:22:27,767 WARN o.a.j.p.h.p.Proxy: [50849]  Problem with SSL certificate for url  for 'sync.disk.yandex.net'? Ensure browser is set to accept the JMeter proxy cert: Received fatal alert: certificate_unknown
2019-06-08 00:22:27,768 WARN o.a.j.p.h.p.Proxy: [50799]  Problem with SSL certificate for url  for 'vk.com'? Ensure browser is set to accept the JMeter proxy cert: Received fatal alert: certificate_unknown
2019-06-08 00:22:29,903 WARN o.a.j.p.h.p.Proxy: [50852]  Problem with SSL certificate for url  for 'vk.com'? Ensure browser is set to accept the JMeter proxy cert: Received fatal alert: certificate_unknown
2019-06-08 00:22:29,912 WARN o.a.j.p.h.p.Proxy: [50850]  Problem with SSL certificate for url  for 'export.yandex.ru'? Ensure browser is set to accept the JMeter proxy cert: Received fatal alert: certificate_unknown
2019-06-08 00:22:29,923 WARN o.a.j.p.h.p.Proxy: [50853]  Problem with SSL certificate for url  for 'mail.yandex.ru'? Ensure browser is set to accept the JMeter proxy cert: Received fatal alert: certificate_unknown
2019-06-08 00:22:31,550 WARN o.a.j.p.h.p.Proxy: [50856]  Problem with SSL certificate for url  for 'vk.com'? Ensure browser is set to accept the JMeter proxy cert: Received fatal alert: certificate_unknown
2019-06-08 00:22:31,553 WARN o.a.j.p.h.p.Proxy: [50855]  Problem with SSL certificate for url  for 'mc.yandex.ru'? Ensure browser is set to accept the JMeter proxy cert: Received fatal alert: certificate_unknown
2019-06-08 00:22:32,768 INFO o.a.j.p.h.p.ProxyControl: [50446]  Creating entry rs.mail.ru in D:\Shevtsov\apache-jmeter-5.1.1\bin\proxyserver.jks
2019-06-08 00:22:35,031 INFO o.a.j.p.h.p.Proxy: [50447]  KeyStore for SSL loaded OK and put host 'static.doubleclick.net' in map with key (static.doubleclick.net)
2019-06-08 00:22:35,048 WARN o.a.j.p.h.p.Proxy: [50447]  Problem with SSL certificate for url  for 'static.doubleclick.net'? Ensure browser is set to accept the JMeter proxy cert: Software caused connection abort: recv failed
2019-06-08 00:22:35,979 WARN o.a.j.p.h.p.Proxy: [50857]  Problem with SSL certificate for url  for 'yandex.ru'? Ensure browser is set to accept the JMeter proxy cert: Received fatal alert: certificate_unknown
2019-06-08 00:22:39,478 INFO o.a.j.p.h.p.ProxyControl: [50445]  Creating entry st.top100.ru in D:\Shevtsov\apache-jmeter-5.1.1\bin\proxyserver.jks
2019-06-08 00:22:41,801 INFO o.a.j.p.h.p.Proxy: [50446]  KeyStore for SSL loaded OK and put host 'rs.mail.ru' in map with key (rs.mail.ru)
2019-06-08 00:22:41,815 WARN o.a.j.p.h.p.Proxy: [50446]  Problem with SSL certificate for url  for 'rs.mail.ru'? Ensure browser is set to accept the JMeter proxy cert: Software caused connection abort: recv failed
2019-06-08 00:22:46,481 INFO o.a.j.p.h.p.ProxyControl: [50444]  Creating entry platform.twitter.com in D:\Shevtsov\apache-jmeter-5.1.1\bin\proxyserver.jks
2019-06-08 00:22:48,900 INFO o.a.j.p.h.p.Proxy: [50445]  KeyStore for SSL loaded OK and put host 'st.top100.ru' in map with key (st.top100.ru)
2019-06-08 00:22:48,912 WARN o.a.j.p.h.p.Proxy: [50858]  Problem with SSL certificate for url  for 'www.youtube.com'? Ensure browser is set to accept the JMeter proxy cert: Received fatal alert: certificate_unknown
2019-06-08 00:22:48,919 WARN o.a.j.p.h.p.Proxy: [50445]  Problem with SSL certificate for url  for 'st.top100.ru'? Ensure browser is set to accept the JMeter proxy cert: Software caused connection abort: recv failed
2019-06-08 00:22:52,057 WARN o.a.j.p.h.p.Proxy: [50859]  Problem with SSL certificate for url  for 'www.youtube.com'? Ensure browser is set to accept the JMeter proxy cert: Received fatal alert: certificate_unknown
2019-06-08 00:22:53,269 INFO o.a.j.p.h.p.ProxyControl: [50443]  Creating entry ssp.adriver.ru in D:\Shevtsov\apache-jmeter-5.1.1\bin\proxyserver.jks
2019-06-08 00:22:55,958 INFO o.a.j.p.h.p.Proxy: [50444]  KeyStore for SSL loaded OK and put host 'platform.twitter.com' in map with key (platform.twitter.com)
2019-06-08 00:22:55,972 WARN o.a.j.p.h.p.Proxy: [50444]  Problem with SSL certificate for url  for 'platform.twitter.com'? Ensure browser is set to accept the JMeter proxy cert: Software caused connection abort: recv failed
2019-06-08 00:22:56,033 INFO o.a.j.p.h.p.Daemon: HTTP(S) Test Script Recorder stopped
2019-06-08 00:23:00,403 INFO o.a.j.p.h.p.ProxyControl: [50441]  Creating entry connect.facebook.net in D:\Shevtsov\apache-jmeter-5.1.1\bin\proxyserver.jks
2019-06-08 00:23:02,983 INFO o.a.j.p.h.p.Proxy: [50443]  KeyStore for SSL loaded OK and put host 'ssp.adriver.ru' in map with key (ssp.adriver.ru)
2019-06-08 00:23:03,003 WARN o.a.j.p.h.p.Proxy: [50443]  Problem with SSL certificate for url  for 'ssp.adriver.ru'? Ensure browser is set to accept the JMeter proxy cert: Software caused connection abort: recv failed
2019-06-08 00:23:07,318 INFO o.a.j.p.h.p.ProxyControl: [50442]  Creating entry dmg.digitaltarget.ru in D:\Shevtsov\apache-jmeter-5.1.1\bin\proxyserver.jks
2019-06-08 00:23:10,071 INFO o.a.j.p.h.p.Proxy: [50441]  KeyStore for SSL loaded OK and put host 'connect.facebook.net' in map with key (connect.facebook.net)
2019-06-08 00:23:10,090 WARN o.a.j.p.h.p.Proxy: [50441]  Problem with SSL certificate for url  for 'connect.facebook.net'? Ensure browser is set to accept the JMeter proxy cert: Software caused connection abort: recv failed
2019-06-08 00:23:14,504 INFO o.a.j.p.h.p.ProxyControl: [50440]  Creating entry www.yapfiles.ru in D:\Shevtsov\apache-jmeter-5.1.1\bin\proxyserver.jks
2019-06-08 00:23:17,240 INFO o.a.j.p.h.p.Proxy: [50442]  KeyStore for SSL loaded OK and put host 'dmg.digitaltarget.ru' in map with key (dmg.digitaltarget.ru)
2019-06-08 00:23:17,257 WARN o.a.j.p.h.p.Proxy: [50442]  Problem with SSL certificate for url  for 'dmg.digitaltarget.ru'? Ensure browser is set to accept the JMeter proxy cert: Software caused connection abort: recv failed
2019-06-08 00:23:21,077 INFO o.a.j.p.h.p.ProxyControl: [50439]  Creating entry www.yandex.ru in D:\Shevtsov\apache-jmeter-5.1.1\bin\proxyserver.jks
2019-06-08 00:23:23,989 INFO o.a.j.p.h.p.Proxy: [50440]  KeyStore for SSL loaded OK and put host 'www.yapfiles.ru' in map with key (www.yapfiles.ru)
2019-06-08 00:23:24,003 WARN o.a.j.p.h.p.Proxy: [50440]  Problem with SSL certificate for url  for 'www.yapfiles.ru'? Ensure browser is set to accept the JMeter proxy cert: Software caused connection abort: recv failed
2019-06-08 00:23:28,224 INFO o.a.j.p.h.p.ProxyControl: [50438]  Creating entry s00.yaplakal.com in D:\Shevtsov\apache-jmeter-5.1.1\bin\proxyserver.jks
2019-06-08 00:23:31,322 INFO o.a.j.p.h.p.Proxy: [50439]  KeyStore for SSL loaded OK and put host 'www.yandex.ru' in map with key (www.yandex.ru)
2019-06-08 00:23:31,338 WARN o.a.j.p.h.p.Proxy: [50439]  Problem with SSL certificate for url  for 'www.yandex.ru'? Ensure browser is set to accept the JMeter proxy cert: Software caused connection abort: recv failed
2019-06-08 00:23:35,888 INFO o.a.j.p.h.p.ProxyControl: [50437]  Creating entry static.criteo.net in D:\Shevtsov\apache-jmeter-5.1.1\bin\proxyserver.jks
2019-06-08 00:23:39,044 INFO o.a.j.p.h.p.Proxy: [50438]  KeyStore for SSL loaded OK and put host 's00.yaplakal.com' in map with key (s00.yaplakal.com)
2019-06-08 00:23:39,059 WARN o.a.j.p.h.p.Proxy: [50438]  Problem with SSL certificate for url  for 's00.yaplakal.com'? Ensure browser is set to accept the JMeter proxy cert: Software caused connection abort: recv failed
2019-06-08 00:23:42,735 INFO o.a.j.p.h.p.ProxyControl: [50436]  Creating entry yastatic.net in D:\Shevtsov\apache-jmeter-5.1.1\bin\proxyserver.jks
2019-06-08 00:23:45,942 INFO o.a.j.p.h.p.Proxy: [50437]  KeyStore for SSL loaded OK and put host 'static.criteo.net' in map with key (static.criteo.net)
2019-06-08 00:23:45,956 WARN o.a.j.p.h.p.Proxy: [50437]  Problem with SSL certificate for url  for 'static.criteo.net'? Ensure browser is set to accept the JMeter proxy cert: Software caused connection abort: recv failed
2019-06-08 00:23:49,889 INFO o.a.j.p.h.p.ProxyControl: [50435]  Creating entry ajax.googleapis.com in D:\Shevtsov\apache-jmeter-5.1.1\bin\proxyserver.jks
2019-06-08 00:23:53,238 INFO o.a.j.p.h.p.Proxy: [50436]  KeyStore for SSL loaded OK and put host 'yastatic.net' in map with key (yastatic.net)
2019-06-08 00:23:53,252 WARN o.a.j.p.h.p.Proxy: [50436]  Problem with SSL certificate for url  for 'yastatic.net'? Ensure browser is set to accept the JMeter proxy cert: Software caused connection abort: recv failed
2019-06-08 00:23:56,742 INFO o.a.j.p.h.p.ProxyControl: [50434]  Creating entry ads.adfox.ru in D:\Shevtsov\apache-jmeter-5.1.1\bin\proxyserver.jks
2019-06-08 00:24:00,278 INFO o.a.j.p.h.p.Proxy: [50435]  KeyStore for SSL loaded OK and put host 'ajax.googleapis.com' in map with key (ajax.googleapis.com)
2019-06-08 00:24:00,295 WARN o.a.j.p.h.p.Proxy: [50435]  Problem with SSL certificate for url  for 'ajax.googleapis.com'? Ensure browser is set to accept the JMeter proxy cert: Software caused connection abort: recv failed
2019-06-08 00:24:03,539 INFO o.a.j.p.h.p.ProxyControl: [50432]  Creating entry syndication.twitter.com in D:\Shevtsov\apache-jmeter-5.1.1\bin\proxyserver.jks
2019-06-08 00:24:07,053 INFO o.a.j.p.h.p.Proxy: [50434]  KeyStore for SSL loaded OK and put host 'ads.adfox.ru' in map with key (ads.adfox.ru)
2019-06-08 00:24:07,066 WARN o.a.j.p.h.p.Proxy: [50434]  Problem with SSL certificate for url  for 'ads.adfox.ru'? Ensure browser is set to accept the JMeter proxy cert: Software caused connection abort: recv failed
2019-06-08 00:24:10,827 INFO o.a.j.p.h.p.ProxyControl: [50431]  Creating entry kraken.rambler.ru in D:\Shevtsov\apache-jmeter-5.1.1\bin\proxyserver.jks
2019-06-08 00:24:14,501 INFO o.a.j.p.h.p.Proxy: [50432]  KeyStore for SSL loaded OK and put host 'syndication.twitter.com' in map with key (syndication.twitter.com)
2019-06-08 00:24:14,517 WARN o.a.j.p.h.p.Proxy: [50432]  Problem with SSL certificate for url  for 'syndication.twitter.com'? Ensure browser is set to accept the JMeter proxy cert: Software caused connection abort: recv failed
2019-06-08 00:24:18,327 INFO o.a.j.p.h.p.ProxyControl: [50430]  Creating entry counter.yadro.ru in D:\Shevtsov\apache-jmeter-5.1.1\bin\proxyserver.jks
2019-06-08 00:24:22,171 INFO o.a.j.p.h.p.Proxy: [50431]  KeyStore for SSL loaded OK and put host 'kraken.rambler.ru' in map with key (kraken.rambler.ru)
2019-06-08 00:24:22,185 WARN o.a.j.p.h.p.Proxy: [50431]  Problem with SSL certificate for url  for 'kraken.rambler.ru'? Ensure browser is set to accept the JMeter proxy cert: Software caused connection abort: recv failed
2019-06-08 00:24:25,686 INFO o.a.j.p.h.p.ProxyControl: [50429]  Creating entry ad.mail.ru in D:\Shevtsov\apache-jmeter-5.1.1\bin\proxyserver.jks
2019-06-08 00:24:29,490 INFO o.a.j.p.h.p.Proxy: [50430]  KeyStore for SSL loaded OK and put host 'counter.yadro.ru' in map with key (counter.yadro.ru)
2019-06-08 00:24:29,504 WARN o.a.j.p.h.p.Proxy: [50430]  Problem with SSL certificate for url  for 'counter.yadro.ru'? Ensure browser is set to accept the JMeter proxy cert: Software caused connection abort: recv failed
2019-06-08 00:24:32,821 INFO o.a.j.p.h.p.ProxyControl: [50428]  Creating entry relap.io in D:\Shevtsov\apache-jmeter-5.1.1\bin\proxyserver.jks
2019-06-08 00:24:36,799 INFO o.a.j.p.h.p.Proxy: [50429]  KeyStore for SSL loaded OK and put host 'ad.mail.ru' in map with key (ad.mail.ru)
2019-06-08 00:24:36,813 WARN o.a.j.p.h.p.Proxy: [50429]  Problem with SSL certificate for url  for 'ad.mail.ru'? Ensure browser is set to accept the JMeter proxy cert: Software caused connection abort: recv failed
2019-06-08 00:24:39,603 INFO o.a.j.p.h.p.ProxyControl: [50427]  Creating entry an.yandex.ru in D:\Shevtsov\apache-jmeter-5.1.1\bin\proxyserver.jks
2019-06-08 00:24:43,753 INFO o.a.j.p.h.p.Proxy: [50428]  KeyStore for SSL loaded OK and put host 'relap.io' in map with key (relap.io)
2019-06-08 00:24:43,770 WARN o.a.j.p.h.p.Proxy: [50428]  Problem with SSL certificate for url  for 'relap.io'? Ensure browser is set to accept the JMeter proxy cert: Software caused connection abort: recv failed
2019-06-08 00:24:46,735 INFO o.a.j.p.h.p.ProxyControl: [50426]  Creating entry www.yaplakal.com in D:\Shevtsov\apache-jmeter-5.1.1\bin\proxyserver.jks
2019-06-08 00:24:50,884 INFO o.a.j.p.h.p.Proxy: [50427]  KeyStore for SSL loaded OK and put host 'an.yandex.ru' in map with key (an.yandex.ru)
2019-06-08 00:24:50,901 WARN o.a.j.p.h.p.Proxy: [50427]  Problem with SSL certificate for url  for 'an.yandex.ru'? Ensure browser is set to accept the JMeter proxy cert: Software caused connection abort: recv failed
2019-06-08 00:24:58,024 INFO o.a.j.p.h.p.Proxy: [50426]  KeyStore for SSL loaded OK and put host 'www.yaplakal.com' in map with key (www.yaplakal.com)
2019-06-08 00:24:58,040 WARN o.a.j.p.h.p.Proxy: [50426]  Problem with SSL certificate for url  for 'www.yaplakal.com'? Ensure browser is set to accept the JMeter proxy cert: Software caused connection abort: recv failed
2019-06-08 00:24:58,045 WARN o.a.j.p.h.p.Proxy: [50420]  Problem with SSL certificate for url  for 'yandex.ru'? Ensure browser is set to accept the JMeter proxy cert: Software caused connection abort: recv failed
2019-06-08 00:24:58,045 WARN o.a.j.p.h.p.Proxy: [50421]  Problem with SSL certificate for url  for 'yandex.ru'? Ensure browser is set to accept the JMeter proxy cert: Software caused connection abort: recv failed
2019-06-08 00:24:58,052 WARN o.a.j.p.h.p.Proxy: [50422]  Problem with SSL certificate for url  for 'yandex.ru'? Ensure browser is set to accept the JMeter proxy cert: Software caused connection abort: recv failed
2019-06-08 00:24:58,055 WARN o.a.j.p.h.p.Proxy: [50423]  Problem with SSL certificate for url  for 'yandex.ru'? Ensure browser is set to accept the JMeter proxy cert: Software caused connection abort: recv failed
2019-06-08 00:24:58,058 WARN o.a.j.p.h.p.Proxy: [50424]  Problem with SSL certificate for url  for 'yandex.ru'? Ensure browser is set to accept the JMeter proxy cert: Software caused connection abort: recv failed
2019-06-08 00:24:58,079 WARN o.a.j.p.h.p.Proxy: [50798]  Problem with SSL certificate for url  for 'yastatic.net'? Ensure browser is set to accept the JMeter proxy cert: Software caused connection abort: recv failed
2019-06-08 00:24:58,080 WARN o.a.j.p.h.p.Proxy: [50793]  Problem with SSL certificate for url  for 'kraken.rambler.ru'? Ensure browser is set to accept the JMeter proxy cert: Software caused connection abort: recv failed
2019-06-08 00:24:58,083 WARN o.a.j.p.h.p.Proxy: [50791]  Problem with SSL certificate for url  for 'ad.mail.ru'? Ensure browser is set to accept the JMeter proxy cert: Software caused connection abort: recv failed
2019-06-08 00:24:58,088 WARN o.a.j.p.h.p.Proxy: [50803]  Problem with SSL certificate for url  for 'www.yapfiles.ru'? Ensure browser is set to accept the JMeter proxy cert: Software caused connection abort: recv failed
2019-06-08 00:24:58,088 WARN o.a.j.p.h.p.Proxy: [50790]  Problem with SSL certificate for url  for 'relap.io'? Ensure browser is set to accept the JMeter proxy cert: Software caused connection abort: recv failed
2019-06-08 00:24:58,092 WARN o.a.j.p.h.p.Proxy: [50425]  Problem with SSL certificate for url  for 'www.yaplakal.com'? Ensure browser is set to accept the JMeter proxy cert: Software caused connection abort: recv failed
2019-06-08 00:24:58,095 WARN o.a.j.p.h.p.Proxy: [50792]  Problem with SSL certificate for url  for 'counter.yadro.ru'? Ensure browser is set to accept the JMeter proxy cert: Software caused connection abort: recv failed
2019-06-08 00:24:58,097 WARN o.a.j.p.h.p.Proxy: [50796]  Problem with SSL certificate for url  for 'ads.adfox.ru'? Ensure browser is set to accept the JMeter proxy cert: Software caused connection abort: recv failed
2019-06-08 00:24:58,100 WARN o.a.j.p.h.p.Proxy: [50802]  Problem with SSL certificate for url  for 'www.yandex.ru'? Ensure browser is set to accept the JMeter proxy cert: Software caused connection abort: recv failed
2019-06-08 00:24:58,103 WARN o.a.j.p.h.p.Proxy: [50841]  Problem with SSL certificate for url  for 'an.yandex.ru'? Ensure browser is set to accept the JMeter proxy cert: Software caused connection abort: recv failed
2019-06-08 00:24:58,105 WARN o.a.j.p.h.p.Proxy: [50801]  Problem with SSL certificate for url  for 's00.yaplakal.com'? Ensure browser is set to accept the JMeter proxy cert: Software caused connection abort: recv failed
2019-06-08 00:24:58,106 WARN o.a.j.p.h.p.Proxy: [50794]  Problem with SSL certificate for url  for 'syndication.twitter.com'? Ensure browser is set to accept the JMeter proxy cert: Software caused connection abort: recv failed
2019-06-08 00:24:58,109 WARN o.a.j.p.h.p.Proxy: [50808]  Problem with SSL certificate for url  for 'st.top100.ru'? Ensure browser is set to accept the JMeter proxy cert: Software caused connection abort: recv failed
2019-06-08 00:24:58,109 WARN o.a.j.p.h.p.Proxy: [50797]  Problem with SSL certificate for url  for 'ajax.googleapis.com'? Ensure browser is set to accept the JMeter proxy cert: Software caused connection abort: recv failed
2019-06-08 00:24:58,114 WARN o.a.j.p.h.p.Proxy: [50805]  Problem with SSL certificate for url  for 'dmg.digitaltarget.ru'? Ensure browser is set to accept the JMeter proxy cert: Software caused connection abort: recv failed
2019-06-08 00:24:58,118 WARN o.a.j.p.h.p.Proxy: [50806]  Problem with SSL certificate for url  for 'ssp.adriver.ru'? Ensure browser is set to accept the JMeter proxy cert: Software caused connection abort: recv failed
2019-06-08 00:24:58,118 WARN o.a.j.p.h.p.Proxy: [50788]  Problem with SSL certificate for url  for 'www.yaplakal.com'? Ensure browser is set to accept the JMeter proxy cert: Software caused connection abort: recv failed
2019-06-08 00:24:58,118 WARN o.a.j.p.h.p.Proxy: [50800]  Problem with SSL certificate for url  for 'static.criteo.net'? Ensure browser is set to accept the JMeter proxy cert: Software caused connection abort: recv failed
2019-06-08 00:24:58,121 WARN o.a.j.p.h.p.Proxy: [50807]  Problem with SSL certificate for url  for 'platform.twitter.com'? Ensure browser is set to accept the JMeter proxy cert: Software caused connection abort: recv failed
2019-06-08 00:24:58,124 WARN o.a.j.p.h.p.Proxy: [50787]  Problem with SSL certificate for url  for 'www.yaplakal.com'? Ensure browser is set to accept the JMeter proxy cert: Software caused connection abort: recv failed
2019-06-08 00:24:58,128 WARN o.a.j.p.h.p.Proxy: [50804]  Problem with SSL certificate for url  for 'connect.facebook.net'? Ensure browser is set to accept the JMeter proxy cert: Software caused connection abort: recv failed
2019-06-08 00:28:23,520 INFO o.a.j.p.h.p.ProxyControl: Valid alias found for :root_ca:
2019-06-08 00:28:23,520 INFO o.a.j.p.h.p.ProxyControl: Valid alias found for :intermediate_ca:
2019-06-08 00:28:23,520 INFO o.a.j.p.h.p.Daemon: Creating Daemon Socket on port: 8080
2019-06-08 00:28:23,521 INFO o.a.j.p.h.p.Daemon: Test Script Recorder up and running!
2019-06-08 00:28:34,996 WARN o.a.j.p.h.p.Proxy: [50911]  Problem with SSL certificate for url  for 'dictionary.cambridge.org'? Ensure browser is set to accept the JMeter proxy cert: Received fatal alert: certificate_unknown
2019-06-08 00:28:34,998 WARN o.a.j.p.h.p.Proxy: [50912]  Problem with SSL certificate for url  for 'dictionary.cambridge.org'? Ensure browser is set to accept the JMeter proxy cert: Received fatal alert: certificate_unknown
2019-06-08 00:28:35,000 WARN o.a.j.p.h.p.Proxy: [50910]  Problem with SSL certificate for url  for 'sitecheck.opera.com'? Ensure browser is set to accept the JMeter proxy cert: Received fatal alert: certificate_unknown
2019-06-08 00:28:38,467 INFO o.a.j.p.h.p.ProxyControl: [50915]  Creating entry features.opera-api.com in D:\Shevtsov\apache-jmeter-5.1.1\bin\proxyserver.jks
2019-06-08 00:28:42,566 WARN o.a.j.p.h.p.Proxy: [50916]  Problem with SSL certificate for url  for 'sync.disk.yandex.net'? Ensure browser is set to accept the JMeter proxy cert: Received fatal alert: certificate_unknown
2019-06-08 00:28:49,225 INFO o.a.j.p.h.p.Proxy: [50915]  KeyStore for SSL loaded OK and put host 'features.opera-api.com' in map with key (features.opera-api.com)
2019-06-08 00:28:49,241 WARN o.a.j.p.h.p.Proxy: [50915]  Problem with SSL certificate for url  for 'features.opera-api.com'? Ensure browser is set to accept the JMeter proxy cert: Received fatal alert: certificate_unknown
2019-06-08 00:28:54,548 INFO o.a.j.p.h.p.Daemon: HTTP(S) Test Script Recorder stopped
2019-06-08 00:29:52,121 INFO o.a.j.p.h.p.ProxyControl: Valid alias found for :root_ca:
2019-06-08 00:29:52,121 INFO o.a.j.p.h.p.ProxyControl: Valid alias found for :intermediate_ca:
2019-06-08 00:29:52,121 INFO o.a.j.p.h.p.ProxyControl: Creating entry localhost in D:\Shevtsov\apache-jmeter-5.1.1\bin\proxyserver.jks
2019-06-08 00:29:59,078 INFO o.a.j.p.h.p.Daemon: Creating Daemon Socket on port: 8080
2019-06-08 00:29:59,078 INFO o.a.j.p.h.p.Daemon: Test Script Recorder up and running!
2019-06-08 00:30:03,848 WARN o.a.j.p.h.p.Proxy: [51050]  Problem with SSL certificate for url  for 'dictionary.cambridge.org'? Ensure browser is set to accept the JMeter proxy cert: Received fatal alert: certificate_unknown
2019-06-08 00:30:03,851 WARN o.a.j.p.h.p.Proxy: [51049]  Problem with SSL certificate for url  for 'dictionary.cambridge.org'? Ensure browser is set to accept the JMeter proxy cert: Received fatal alert: certificate_unknown
2019-06-08 00:30:11,831 INFO o.a.j.p.h.p.Daemon: HTTP(S) Test Script Recorder stopped
2019-06-08 00:58:50,961 INFO o.a.j.g.a.Load: Loading file: D:\Shevtsov\jMeterFiles\test.jmx
2019-06-08 00:58:50,961 INFO o.a.j.s.FileServer: Set new base='D:\Shevtsov\jMeterFiles'
2019-06-08 00:58:50,961 INFO o.a.j.s.SaveService: Loading file: D:\Shevtsov\jMeterFiles\test.jmx
2019-06-08 00:58:51,464 INFO o.a.j.s.FileServer: Set new base='D:\Shevtsov\jMeterFiles'
2019-06-08 00:59:20,726 INFO o.a.j.p.h.p.ProxyControl: Valid alias found for :root_ca:
2019-06-08 00:59:20,727 INFO o.a.j.p.h.p.ProxyControl: Valid alias found for :intermediate_ca:
2019-06-08 00:59:20,727 INFO o.a.j.p.h.p.Daemon: Creating Daemon Socket on port: 8888
2019-06-08 00:59:20,727 INFO o.a.j.p.h.p.Daemon: Test Script Recorder up and running!
2019-06-08 00:59:32,729 INFO o.a.j.p.h.p.Daemon: HTTP(S) Test Script Recorder stopped
2019-06-08 00:59:52,935 INFO o.a.j.e.StandardJMeterEngine: Running the test!
2019-06-08 00:59:52,935 INFO o.a.j.s.SampleEvent: List of sample_variables: []
2019-06-08 00:59:52,939 INFO o.a.j.g.u.JMeterMenuBar: setRunning(true, *local*)
2019-06-08 00:59:53,193 INFO o.a.j.e.StandardJMeterEngine: Starting ThreadGroup: 1 : Thread Group
2019-06-08 00:59:53,194 INFO o.a.j.e.StandardJMeterEngine: Starting 5 threads for group Thread Group.
2019-06-08 00:59:53,194 INFO o.a.j.e.StandardJMeterEngine: Thread will continue on error
2019-06-08 00:59:53,194 INFO o.a.j.t.ThreadGroup: Starting thread group... number=1 threads=5 ramp-up=1 delayedStart=false
2019-06-08 00:59:53,196 INFO o.a.j.t.JMeterThread: Thread started: Thread Group 1-1
2019-06-08 00:59:53,198 INFO o.a.j.t.ThreadGroup: Started thread group number 1
2019-06-08 00:59:53,198 INFO o.a.j.e.StandardJMeterEngine: All thread groups have been started
2019-06-08 00:59:53,396 INFO o.a.j.t.JMeterThread: Thread started: Thread Group 1-2
2019-06-08 00:59:53,596 INFO o.a.j.t.JMeterThread: Thread started: Thread Group 1-3
2019-06-08 00:59:53,799 INFO o.a.j.t.JMeterThread: Thread started: Thread Group 1-4
2019-06-08 00:59:54,000 INFO o.a.j.t.JMeterThread: Thread started: Thread Group 1-5
2019-06-08 00:59:59,307 INFO o.a.j.t.JMeterThread: Thread is done: Thread Group 1-5
2019-06-08 00:59:59,307 INFO o.a.j.t.JMeterThread: Thread finished: Thread Group 1-5
2019-06-08 00:59:59,500 INFO o.a.j.t.JMeterThread: Thread is done: Thread Group 1-1
2019-06-08 00:59:59,500 INFO o.a.j.t.JMeterThread: Thread finished: Thread Group 1-1
2019-06-08 00:59:59,517 INFO o.a.j.t.JMeterThread: Thread is done: Thread Group 1-3
2019-06-08 00:59:59,517 INFO o.a.j.t.JMeterThread: Thread finished: Thread Group 1-3
2019-06-08 01:00:00,441 INFO o.a.j.t.JMeterThread: Thread is done: Thread Group 1-4
2019-06-08 01:00:00,442 INFO o.a.j.t.JMeterThread: Thread finished: Thread Group 1-4
2019-06-08 01:00:00,496 INFO o.a.j.t.JMeterThread: Thread is done: Thread Group 1-2
2019-06-08 01:00:00,497 INFO o.a.j.t.JMeterThread: Thread finished: Thread Group 1-2
2019-06-08 01:00:00,497 INFO o.a.j.e.StandardJMeterEngine: Notifying test listeners of end of test
2019-06-08 01:00:00,497 INFO o.a.j.g.u.JMeterMenuBar: setRunning(false, *local*)
2019-06-08 01:07:52,584 INFO o.a.j.e.StandardJMeterEngine: Running the test!
2019-06-08 01:07:52,584 INFO o.a.j.s.SampleEvent: List of sample_variables: []
2019-06-08 01:07:52,584 INFO o.a.j.g.u.JMeterMenuBar: setRunning(true, *local*)
2019-06-08 01:07:52,841 INFO o.a.j.e.StandardJMeterEngine: Starting ThreadGroup: 1 : Thread Group
2019-06-08 01:07:52,842 INFO o.a.j.e.StandardJMeterEngine: Starting 1 threads for group Thread Group.
2019-06-08 01:07:52,842 INFO o.a.j.e.StandardJMeterEngine: Thread will continue on error
2019-06-08 01:07:52,842 INFO o.a.j.t.ThreadGroup: Starting thread group... number=1 threads=1 ramp-up=1 delayedStart=false
2019-06-08 01:07:52,842 INFO o.a.j.t.ThreadGroup: Started thread group number 1
2019-06-08 01:07:52,842 INFO o.a.j.e.StandardJMeterEngine: All thread groups have been started
2019-06-08 01:07:52,842 INFO o.a.j.t.JMeterThread: Thread started: Thread Group 1-1
2019-06-08 01:07:52,842 INFO o.a.j.t.JMeterThread: Thread is done: Thread Group 1-1
2019-06-08 01:07:52,842 INFO o.a.j.t.JMeterThread: Thread finished: Thread Group 1-1
2019-06-08 01:07:52,842 INFO o.a.j.e.StandardJMeterEngine: Notifying test listeners of end of test
2019-06-08 01:07:52,842 INFO o.a.j.g.u.JMeterMenuBar: setRunning(false, *local*)
2019-06-08 01:08:11,436 INFO o.a.j.s.FileServer: Set new base='D:\Shevtsov\jMeterFiles'
2019-06-08 01:08:11,436 INFO o.a.j.e.StandardJMeterEngine: Running the test!
2019-06-08 01:08:11,436 INFO o.a.j.s.SampleEvent: List of sample_variables: []
2019-06-08 01:08:11,451 INFO o.a.j.g.u.JMeterMenuBar: setRunning(true, *local*)
2019-06-08 01:08:11,654 INFO o.a.j.e.StandardJMeterEngine: Starting ThreadGroup: 1 : Thread Group
2019-06-08 01:08:11,654 INFO o.a.j.e.StandardJMeterEngine: Starting 1 threads for group Thread Group.
2019-06-08 01:08:11,654 INFO o.a.j.e.StandardJMeterEngine: Thread will continue on error
2019-06-08 01:08:11,654 INFO o.a.j.t.ThreadGroup: Starting thread group... number=1 threads=1 ramp-up=1 delayedStart=false
2019-06-08 01:08:11,654 INFO o.a.j.t.ThreadGroup: Started thread group number 1
2019-06-08 01:08:11,654 INFO o.a.j.e.StandardJMeterEngine: All thread groups have been started
2019-06-08 01:08:11,654 INFO o.a.j.t.JMeterThread: Thread started: Thread Group 1-1
2019-06-08 01:08:11,654 INFO o.a.j.t.JMeterThread: Thread is done: Thread Group 1-1
2019-06-08 01:08:11,654 INFO o.a.j.t.JMeterThread: Thread finished: Thread Group 1-1
2019-06-08 01:08:11,654 INFO o.a.j.e.StandardJMeterEngine: Notifying test listeners of end of test
2019-06-08 01:08:11,654 INFO o.a.j.g.u.JMeterMenuBar: setRunning(false, *local*)
2019-06-08 01:08:14,808 INFO o.a.j.e.StandardJMeterEngine: Running the test!
2019-06-08 01:08:14,808 INFO o.a.j.s.SampleEvent: List of sample_variables: []
2019-06-08 01:08:14,808 INFO o.a.j.g.u.JMeterMenuBar: setRunning(true, *local*)
2019-06-08 01:08:14,981 INFO o.a.j.e.StandardJMeterEngine: Starting ThreadGroup: 1 : Thread Group
2019-06-08 01:08:14,981 INFO o.a.j.e.StandardJMeterEngine: Starting 1 threads for group Thread Group.
2019-06-08 01:08:14,981 INFO o.a.j.e.StandardJMeterEngine: Thread will continue on error
2019-06-08 01:08:14,981 INFO o.a.j.t.ThreadGroup: Starting thread group... number=1 threads=1 ramp-up=1 delayedStart=false
2019-06-08 01:08:14,981 INFO o.a.j.t.ThreadGroup: Started thread group number 1
2019-06-08 01:08:14,981 INFO o.a.j.e.StandardJMeterEngine: All thread groups have been started
2019-06-08 01:08:14,981 INFO o.a.j.t.JMeterThread: Thread started: Thread Group 1-1
2019-06-08 01:08:14,981 INFO o.a.j.t.JMeterThread: Thread is done: Thread Group 1-1
2019-06-08 01:08:14,981 INFO o.a.j.t.JMeterThread: Thread finished: Thread Group 1-1
2019-06-08 01:08:14,981 INFO o.a.j.e.StandardJMeterEngine: Notifying test listeners of end of test
2019-06-08 01:08:14,981 INFO o.a.j.g.u.JMeterMenuBar: setRunning(false, *local*)
2019-06-08 01:08:51,911 INFO o.a.j.p.h.p.ProxyControl: Valid alias found for :root_ca:
2019-06-08 01:08:51,911 INFO o.a.j.p.h.p.ProxyControl: Valid alias found for :intermediate_ca:
2019-06-08 01:08:51,912 INFO o.a.j.p.h.p.Daemon: Creating Daemon Socket on port: 8080
2019-06-08 01:08:51,912 INFO o.a.j.p.h.p.Daemon: Test Script Recorder up and running!
2019-06-08 01:08:52,092 WARN o.a.j.p.h.p.Proxy: [51439]  Problem with SSL certificate for url  for 'www.youtube.com'? Ensure browser is set to accept the JMeter proxy cert: Received fatal alert: certificate_unknown
2019-06-08 01:08:57,904 INFO o.a.j.p.h.p.ProxyControl: [51440]  Creating entry speeddials.opera.com in D:\Shevtsov\apache-jmeter-5.1.1\bin\proxyserver.jks
2019-06-08 01:08:57,959 WARN o.a.j.p.h.p.Proxy: [51456]  Problem with SSL certificate for url  for 'connect.facebook.net'? Ensure browser is set to accept the JMeter proxy cert: Received fatal alert: certificate_unknown
2019-06-08 01:08:57,961 WARN o.a.j.p.h.p.Proxy: [51441]  Problem with SSL certificate for url  for 'sitecheck.opera.com'? Ensure browser is set to accept the JMeter proxy cert: Received fatal alert: certificate_unknown
2019-06-08 01:08:57,961 WARN o.a.j.p.h.p.Proxy: [51454]  Problem with SSL certificate for url  for 'mc.yandex.ru'? Ensure browser is set to accept the JMeter proxy cert: Received fatal alert: certificate_unknown
2019-06-08 01:08:57,966 WARN o.a.j.p.h.p.Proxy: [51444]  Problem with SSL certificate for url  for 'best.aliexpress.com'? Ensure browser is set to accept the JMeter proxy cert: Received fatal alert: certificate_unknown
2019-06-08 01:08:57,971 WARN o.a.j.p.h.p.Proxy: [51463]  Problem with SSL certificate for url  for 'vk.com'? Ensure browser is set to accept the JMeter proxy cert: Received fatal alert: certificate_unknown
2019-06-08 01:09:05,111 INFO o.a.j.p.h.p.ProxyControl: [51462]  Creating entry bs.yandex.ru in D:\Shevtsov\apache-jmeter-5.1.1\bin\proxyserver.jks
2019-06-08 01:09:09,658 INFO o.a.j.p.h.p.Proxy: [51440]  KeyStore for SSL loaded OK and put host 'speeddials.opera.com' in map with key (speeddials.opera.com)
2019-06-08 01:09:09,674 WARN o.a.j.p.h.p.Proxy: [51440]  Problem with SSL certificate for url  for 'speeddials.opera.com'? Ensure browser is set to accept the JMeter proxy cert: Received fatal alert: certificate_unknown
2019-06-08 01:09:12,430 INFO o.a.j.p.h.p.ProxyControl: [51460]  Creating entry z11.cnzz.com in D:\Shevtsov\apache-jmeter-5.1.1\bin\proxyserver.jks
2019-06-08 01:09:13,925 INFO o.a.j.p.h.p.Daemon: HTTP(S) Test Script Recorder stopped
2019-06-08 01:09:17,055 INFO o.a.j.p.h.p.Proxy: [51462]  KeyStore for SSL loaded OK and put host 'bs.yandex.ru' in map with key (bs.yandex.ru)
2019-06-08 01:09:17,071 WARN o.a.j.p.h.p.Proxy: [51462]  Problem with SSL certificate for url  for 'bs.yandex.ru'? Ensure browser is set to accept the JMeter proxy cert: Received fatal alert: certificate_unknown
2019-06-08 01:09:19,211 INFO o.a.j.p.h.p.ProxyControl: [51455]  Creating entry www.google-analytics.com in D:\Shevtsov\apache-jmeter-5.1.1\bin\proxyserver.jks
2019-06-08 01:09:23,820 INFO o.a.j.p.h.p.Proxy: [51460]  KeyStore for SSL loaded OK and put host 'z11.cnzz.com' in map with key (z11.cnzz.com)
2019-06-08 01:09:23,837 WARN o.a.j.p.h.p.Proxy: [51460]  Problem with SSL certificate for url  for 'z11.cnzz.com'? Ensure browser is set to accept the JMeter proxy cert: Received fatal alert: certificate_unknown
2019-06-08 01:09:26,702 INFO o.a.j.p.h.p.ProxyControl: [51452]  Creating entry assets.alicdn.com in D:\Shevtsov\apache-jmeter-5.1.1\bin\proxyserver.jks
2019-06-08 01:09:31,349 INFO o.a.j.p.h.p.Proxy: [51455]  KeyStore for SSL loaded OK and put host 'www.google-analytics.com' in map with key (www.google-analytics.com)
2019-06-08 01:09:31,371 WARN o.a.j.p.h.p.Proxy: [51455]  Problem with SSL certificate for url  for 'www.google-analytics.com'? Ensure browser is set to accept the JMeter proxy cert: Software caused connection abort: recv failed
2019-06-08 01:09:33,427 INFO o.a.j.p.h.p.ProxyControl: [51447]  Creating entry gj.mmstat.com in D:\Shevtsov\apache-jmeter-5.1.1\bin\proxyserver.jks
2019-06-08 01:09:38,257 INFO o.a.j.p.h.p.Proxy: [51452]  KeyStore for SSL loaded OK and put host 'assets.alicdn.com' in map with key (assets.alicdn.com)
2019-06-08 01:09:38,271 WARN o.a.j.p.h.p.Proxy: [51452]  Problem with SSL certificate for url  for 'assets.alicdn.com'? Ensure browser is set to accept the JMeter proxy cert: Software caused connection abort: recv failed
2019-06-08 01:09:40,251 INFO o.a.j.p.h.p.ProxyControl: [51461]  Creating entry cm.g.doubleclick.net in D:\Shevtsov\apache-jmeter-5.1.1\bin\proxyserver.jks
2019-06-08 01:09:45,451 INFO o.a.j.p.h.p.Proxy: [51447]  KeyStore for SSL loaded OK and put host 'gj.mmstat.com' in map with key (gj.mmstat.com)
2019-06-08 01:09:45,471 WARN o.a.j.p.h.p.Proxy: [51447]  Problem with SSL certificate for url  for 'gj.mmstat.com'? Ensure browser is set to accept the JMeter proxy cert: Software caused connection abort: recv failed
2019-06-08 01:09:47,703 INFO o.a.j.p.h.p.ProxyControl: [51458]  Creating entry c.cnzz.com in D:\Shevtsov\apache-jmeter-5.1.1\bin\proxyserver.jks
2019-06-08 01:09:52,849 INFO o.a.j.p.h.p.Proxy: [51461]  KeyStore for SSL loaded OK and put host 'cm.g.doubleclick.net' in map with key (cm.g.doubleclick.net)
2019-06-08 01:09:52,865 WARN o.a.j.p.h.p.Proxy: [51461]  Problem with SSL certificate for url  for 'cm.g.doubleclick.net'? Ensure browser is set to accept the JMeter proxy cert: Software caused connection abort: recv failed
2019-06-08 01:09:55,166 INFO o.a.j.p.h.p.ProxyControl: [51457]  Creating entry w.cnzz.com in D:\Shevtsov\apache-jmeter-5.1.1\bin\proxyserver.jks
2019-06-08 01:10:00,593 INFO o.a.j.p.h.p.Proxy: [51458]  KeyStore for SSL loaded OK and put host 'c.cnzz.com' in map with key (c.cnzz.com)
2019-06-08 01:10:00,606 WARN o.a.j.p.h.p.Proxy: [51458]  Problem with SSL certificate for url  for 'c.cnzz.com'? Ensure browser is set to accept the JMeter proxy cert: Software caused connection abort: recv failed
2019-06-08 01:10:02,435 INFO o.a.j.p.h.p.ProxyControl: [51459]  Creating entry fourier.alibaba.com in D:\Shevtsov\apache-jmeter-5.1.1\bin\proxyserver.jks
2019-06-08 01:10:07,721 INFO o.a.j.p.h.p.Proxy: [51457]  KeyStore for SSL loaded OK and put host 'w.cnzz.com' in map with key (w.cnzz.com)
2019-06-08 01:10:07,737 WARN o.a.j.p.h.p.Proxy: [51457]  Problem with SSL certificate for url  for 'w.cnzz.com'? Ensure browser is set to accept the JMeter proxy cert: Software caused connection abort: recv failed
2019-06-08 01:10:09,689 INFO o.a.j.p.h.p.ProxyControl: [51449]  Creating entry alitems.com in D:\Shevtsov\apache-jmeter-5.1.1\bin\proxyserver.jks
2019-06-08 01:10:15,179 INFO o.a.j.p.h.p.Proxy: [51459]  KeyStore for SSL loaded OK and put host 'fourier.alibaba.com' in map with key (fourier.alibaba.com)
2019-06-08 01:10:15,194 WARN o.a.j.p.h.p.Proxy: [51459]  Problem with SSL certificate for url  for 'fourier.alibaba.com'? Ensure browser is set to accept the JMeter proxy cert: Software caused connection abort: recv failed
2019-06-08 01:10:16,621 INFO o.a.j.p.h.p.ProxyControl: [51450]  Creating entry ae01.alicdn.com in D:\Shevtsov\apache-jmeter-5.1.1\bin\proxyserver.jks
2019-06-08 01:10:22,159 INFO o.a.j.p.h.p.Proxy: [51449]  KeyStore for SSL loaded OK and put host 'alitems.com' in map with key (alitems.com)
2019-06-08 01:10:22,173 WARN o.a.j.p.h.p.Proxy: [51449]  Problem with SSL certificate for url  for 'alitems.com'? Ensure browser is set to accept the JMeter proxy cert: Software caused connection abort: recv failed
2019-06-08 01:10:23,702 INFO o.a.j.p.h.p.ProxyControl: [51442]  Creating entry redir.opera.com in D:\Shevtsov\apache-jmeter-5.1.1\bin\proxyserver.jks
2019-06-08 01:10:29,419 INFO o.a.j.p.h.p.Proxy: [51450]  KeyStore for SSL loaded OK and put host 'ae01.alicdn.com' in map with key (ae01.alicdn.com)
2019-06-08 01:10:29,421 WARN o.a.j.p.h.p.Proxy: [51450]  Problem with SSL certificate for url  for 'ae01.alicdn.com'? Ensure browser is set to accept the JMeter proxy cert: Software caused connection abort: recv failed
2019-06-08 01:10:31,690 INFO o.a.j.p.h.p.ProxyControl: [51453]  Creating entry g.alicdn.com in D:\Shevtsov\apache-jmeter-5.1.1\bin\proxyserver.jks
2019-06-08 01:10:37,534 INFO o.a.j.p.h.p.Proxy: [51442]  KeyStore for SSL loaded OK and put host 'redir.opera.com' in map with key (redir.opera.com)
2019-06-08 01:10:37,550 WARN o.a.j.p.h.p.Proxy: [51442]  Problem with SSL certificate for url  for 'redir.opera.com'? Ensure browser is set to accept the JMeter proxy cert: Software caused connection abort: recv failed
2019-06-08 01:10:39,713 INFO o.a.j.p.h.p.ProxyControl: [51448]  Creating entry cnzz.mmstat.com in D:\Shevtsov\apache-jmeter-5.1.1\bin\proxyserver.jks
2019-06-08 01:10:45,509 INFO o.a.j.p.h.p.Proxy: [51453]  KeyStore for SSL loaded OK and put host 'g.alicdn.com' in map with key (g.alicdn.com)
2019-06-08 01:10:45,526 WARN o.a.j.p.h.p.Proxy: [51453]  Problem with SSL certificate for url  for 'g.alicdn.com'? Ensure browser is set to accept the JMeter proxy cert: Software caused connection abort: recv failed
2019-06-08 01:10:46,748 INFO o.a.j.p.h.p.ProxyControl: [51451]  Creating entry i.alicdn.com in D:\Shevtsov\apache-jmeter-5.1.1\bin\proxyserver.jks
2019-06-08 01:10:52,915 INFO o.a.j.p.h.p.Proxy: [51448]  KeyStore for SSL loaded OK and put host 'cnzz.mmstat.com' in map with key (cnzz.mmstat.com)
2019-06-08 01:10:52,931 WARN o.a.j.p.h.p.Proxy: [51448]  Problem with SSL certificate for url  for 'cnzz.mmstat.com'? Ensure browser is set to accept the JMeter proxy cert: Software caused connection abort: recv failed
2019-06-08 01:10:54,239 INFO o.a.j.p.h.p.ProxyControl: [51446]  Creating entry ru.aliexpress.com in D:\Shevtsov\apache-jmeter-5.1.1\bin\proxyserver.jks
2019-06-08 01:11:00,496 INFO o.a.j.p.h.p.Proxy: [51451]  KeyStore for SSL loaded OK and put host 'i.alicdn.com' in map with key (i.alicdn.com)
2019-06-08 01:11:00,513 WARN o.a.j.p.h.p.Proxy: [51451]  Problem with SSL certificate for url  for 'i.alicdn.com'? Ensure browser is set to accept the JMeter proxy cert: Software caused connection abort: recv failed
2019-06-08 01:11:02,800 INFO o.a.j.p.h.p.ProxyControl: [51445]  Creating entry s.click.aliexpress.com in D:\Shevtsov\apache-jmeter-5.1.1\bin\proxyserver.jks
2019-06-08 01:11:09,055 INFO o.a.j.p.h.p.Proxy: [51446]  KeyStore for SSL loaded OK and put host 'ru.aliexpress.com' in map with key (ru.aliexpress.com)
2019-06-08 01:11:09,070 WARN o.a.j.p.h.p.Proxy: [51446]  Problem with SSL certificate for url  for 'ru.aliexpress.com'? Ensure browser is set to accept the JMeter proxy cert: Software caused connection abort: recv failed
2019-06-08 01:11:16,468 INFO o.a.j.p.h.p.Proxy: [51445]  KeyStore for SSL loaded OK and put host 's.click.aliexpress.com' in map with key (s.click.aliexpress.com)
2019-06-08 01:11:16,481 WARN o.a.j.p.h.p.Proxy: [51443]  Problem with SSL certificate for url  for 'redir.opera.com'? Ensure browser is set to accept the JMeter proxy cert: Software caused connection abort: recv failed
2019-06-08 01:11:16,482 WARN o.a.j.p.h.p.Proxy: [51445]  Problem with SSL certificate for url  for 's.click.aliexpress.com'? Ensure browser is set to accept the JMeter proxy cert: Software caused connection abort: recv failed
2019-06-08 01:17:49,101 INFO o.a.j.g.a.Load: Loading file: D:\Shevtsov\jMeterFiles\test.jmx
2019-06-08 01:17:49,102 INFO o.a.j.s.FileServer: Set new base='D:\Shevtsov\jMeterFiles'
2019-06-08 01:17:49,102 INFO o.a.j.s.SaveService: Loading file: D:\Shevtsov\jMeterFiles\test.jmx
2019-06-08 01:17:49,292 INFO o.a.j.s.FileServer: Set new base='D:\Shevtsov\jMeterFiles'
2019-06-08 01:17:51,860 INFO o.a.j.e.StandardJMeterEngine: Running the test!
2019-06-08 01:17:51,860 INFO o.a.j.s.SampleEvent: List of sample_variables: []
2019-06-08 01:17:51,865 INFO o.a.j.g.u.JMeterMenuBar: setRunning(true, *local*)
2019-06-08 01:17:52,300 INFO o.a.j.e.StandardJMeterEngine: Starting ThreadGroup: 1 : Thread Group
2019-06-08 01:17:52,300 INFO o.a.j.e.StandardJMeterEngine: Starting 5 threads for group Thread Group.
2019-06-08 01:17:52,300 INFO o.a.j.e.StandardJMeterEngine: Thread will continue on error
2019-06-08 01:17:52,300 INFO o.a.j.t.ThreadGroup: Starting thread group... number=1 threads=5 ramp-up=1 delayedStart=false
2019-06-08 01:17:52,303 INFO o.a.j.t.JMeterThread: Thread started: Thread Group 1-1
2019-06-08 01:17:52,306 INFO o.a.j.t.ThreadGroup: Started thread group number 1
2019-06-08 01:17:52,306 INFO o.a.j.e.StandardJMeterEngine: All thread groups have been started
2019-06-08 01:17:52,502 INFO o.a.j.t.JMeterThread: Thread started: Thread Group 1-2
2019-06-08 01:17:52,706 INFO o.a.j.t.JMeterThread: Thread started: Thread Group 1-3
2019-06-08 01:17:52,907 INFO o.a.j.t.JMeterThread: Thread started: Thread Group 1-4
2019-06-08 01:17:53,103 INFO o.a.j.t.JMeterThread: Thread started: Thread Group 1-5
2019-06-08 01:17:58,144 INFO o.a.j.t.JMeterThread: Thread is done: Thread Group 1-3
2019-06-08 01:17:58,145 INFO o.a.j.t.JMeterThread: Thread finished: Thread Group 1-3
2019-06-08 01:17:58,412 INFO o.a.j.t.JMeterThread: Thread is done: Thread Group 1-2
2019-06-08 01:17:58,412 INFO o.a.j.t.JMeterThread: Thread finished: Thread Group 1-2
2019-06-08 01:17:58,569 INFO o.a.j.t.JMeterThread: Thread is done: Thread Group 1-1
2019-06-08 01:17:58,569 INFO o.a.j.t.JMeterThread: Thread finished: Thread Group 1-1
2019-06-08 01:17:58,923 INFO o.a.j.t.JMeterThread: Thread is done: Thread Group 1-4
2019-06-08 01:17:58,923 INFO o.a.j.t.JMeterThread: Thread finished: Thread Group 1-4
2019-06-08 01:17:59,000 INFO o.a.j.t.JMeterThread: Thread is done: Thread Group 1-5
2019-06-08 01:17:59,000 INFO o.a.j.t.JMeterThread: Thread finished: Thread Group 1-5
2019-06-08 01:17:59,001 INFO o.a.j.e.StandardJMeterEngine: Notifying test listeners of end of test
2019-06-08 01:17:59,001 INFO o.a.j.g.u.JMeterMenuBar: setRunning(false, *local*)
2019-06-08 01:25:33,420 INFO o.a.j.s.FileServer: Set new base='D:\Shevtsov\jMeterFiles'
2019-06-08 01:25:33,424 INFO o.a.j.e.StandardJMeterEngine: Running the test!
2019-06-08 01:25:33,424 INFO o.a.j.s.SampleEvent: List of sample_variables: []
2019-06-08 01:25:33,426 INFO o.a.j.g.u.JMeterMenuBar: setRunning(true, *local*)
2019-06-08 01:25:33,742 INFO o.a.j.e.StandardJMeterEngine: Starting ThreadGroup: 1 : Thread Group
2019-06-08 01:25:33,742 INFO o.a.j.e.StandardJMeterEngine: Starting 1 threads for group Thread Group.
2019-06-08 01:25:33,742 INFO o.a.j.e.StandardJMeterEngine: Thread will continue on error
2019-06-08 01:25:33,742 INFO o.a.j.t.ThreadGroup: Starting thread group... number=1 threads=1 ramp-up=1 delayedStart=false
2019-06-08 01:25:33,743 INFO o.a.j.t.ThreadGroup: Started thread group number 1
2019-06-08 01:25:33,743 INFO o.a.j.e.StandardJMeterEngine: All thread groups have been started
2019-06-08 01:25:33,744 INFO o.a.j.t.JMeterThread: Thread started: Thread Group 1-1
2019-06-08 01:25:33,746 INFO o.a.j.t.JMeterThread: Thread is done: Thread Group 1-1
2019-06-08 01:25:33,747 INFO o.a.j.t.JMeterThread: Thread finished: Thread Group 1-1
2019-06-08 01:25:33,747 INFO o.a.j.e.StandardJMeterEngine: Notifying test listeners of end of test
2019-06-08 01:25:33,747 INFO o.a.j.g.u.JMeterMenuBar: setRunning(false, *local*)
2019-06-08 01:25:40,606 INFO o.a.j.e.StandardJMeterEngine: Running the test!
2019-06-08 01:25:40,607 INFO o.a.j.s.SampleEvent: List of sample_variables: []
2019-06-08 01:25:40,608 INFO o.a.j.g.u.JMeterMenuBar: setRunning(true, *local*)
2019-06-08 01:25:40,823 INFO o.a.j.e.StandardJMeterEngine: Starting ThreadGroup: 1 : Thread Group
2019-06-08 01:25:40,823 INFO o.a.j.e.StandardJMeterEngine: Starting 1 threads for group Thread Group.
2019-06-08 01:25:40,823 INFO o.a.j.e.StandardJMeterEngine: Thread will continue on error
2019-06-08 01:25:40,823 INFO o.a.j.t.ThreadGroup: Starting thread group... number=1 threads=1 ramp-up=1 delayedStart=false
2019-06-08 01:25:40,824 INFO o.a.j.t.ThreadGroup: Started thread group number 1
2019-06-08 01:25:40,824 INFO o.a.j.e.StandardJMeterEngine: All thread groups have been started
2019-06-08 01:25:40,825 INFO o.a.j.t.JMeterThread: Thread started: Thread Group 1-1
2019-06-08 01:25:40,827 INFO o.a.j.t.JMeterThread: Thread is done: Thread Group 1-1
2019-06-08 01:25:40,827 INFO o.a.j.t.JMeterThread: Thread finished: Thread Group 1-1
2019-06-08 01:25:40,827 INFO o.a.j.e.StandardJMeterEngine: Notifying test listeners of end of test
2019-06-08 01:25:40,828 INFO o.a.j.g.u.JMeterMenuBar: setRunning(false, *local*)
2019-06-08 01:26:07,780 INFO o.a.j.e.StandardJMeterEngine: Running the test!
2019-06-08 01:26:07,780 INFO o.a.j.s.SampleEvent: List of sample_variables: []
2019-06-08 01:26:07,782 INFO o.a.j.g.u.JMeterMenuBar: setRunning(true, *local*)
2019-06-08 01:26:07,990 INFO o.a.j.e.StandardJMeterEngine: Starting ThreadGroup: 1 : Thread Group
2019-06-08 01:26:07,990 INFO o.a.j.e.StandardJMeterEngine: Starting 1 threads for group Thread Group.
2019-06-08 01:26:07,990 INFO o.a.j.e.StandardJMeterEngine: Thread will continue on error
2019-06-08 01:26:07,990 INFO o.a.j.t.ThreadGroup: Starting thread group... number=1 threads=1 ramp-up=1 delayedStart=false
2019-06-08 01:26:07,990 INFO o.a.j.t.ThreadGroup: Started thread group number 1
2019-06-08 01:26:07,990 INFO o.a.j.e.StandardJMeterEngine: All thread groups have been started
2019-06-08 01:26:07,991 INFO o.a.j.t.JMeterThread: Thread started: Thread Group 1-1
2019-06-08 01:26:08,460 INFO o.a.j.t.JMeterThread: Thread is done: Thread Group 1-1
2019-06-08 01:26:08,460 INFO o.a.j.t.JMeterThread: Thread finished: Thread Group 1-1
2019-06-08 01:26:08,461 INFO o.a.j.e.StandardJMeterEngine: Notifying test listeners of end of test
2019-06-08 01:26:08,461 INFO o.a.j.g.u.JMeterMenuBar: setRunning(false, *local*)
2019-06-08 01:35:30,972 INFO o.a.j.e.StandardJMeterEngine: Running the test!
2019-06-08 01:35:30,972 INFO o.a.j.s.SampleEvent: List of sample_variables: []
2019-06-08 01:35:30,974 INFO o.a.j.g.u.JMeterMenuBar: setRunning(true, *local*)
2019-06-08 01:35:31,323 INFO o.a.j.e.StandardJMeterEngine: Starting ThreadGroup: 1 : Thread Group
2019-06-08 01:35:31,324 INFO o.a.j.e.StandardJMeterEngine: Starting 1 threads for group Thread Group.
2019-06-08 01:35:31,324 INFO o.a.j.e.StandardJMeterEngine: Thread will continue on error
2019-06-08 01:35:31,324 INFO o.a.j.t.ThreadGroup: Starting thread group... number=1 threads=1 ramp-up=1 delayedStart=false
2019-06-08 01:35:31,325 INFO o.a.j.t.ThreadGroup: Started thread group number 1
2019-06-08 01:35:31,325 INFO o.a.j.e.StandardJMeterEngine: All thread groups have been started
2019-06-08 01:35:31,326 INFO o.a.j.t.JMeterThread: Thread started: Thread Group 1-1
2019-06-08 01:35:31,803 INFO o.a.j.t.JMeterThread: Thread is done: Thread Group 1-1
2019-06-08 01:35:31,803 INFO o.a.j.t.JMeterThread: Thread finished: Thread Group 1-1
2019-06-08 01:35:31,804 INFO o.a.j.e.StandardJMeterEngine: Notifying test listeners of end of test
2019-06-08 01:35:31,804 INFO o.a.j.g.u.JMeterMenuBar: setRunning(false, *local*)
2019-06-08 01:35:54,810 INFO o.a.j.e.StandardJMeterEngine: Running the test!
2019-06-08 01:35:54,810 INFO o.a.j.s.SampleEvent: List of sample_variables: []
2019-06-08 01:35:54,812 INFO o.a.j.g.u.JMeterMenuBar: setRunning(true, *local*)
2019-06-08 01:35:55,088 INFO o.a.j.e.StandardJMeterEngine: Starting ThreadGroup: 1 : Thread Group
2019-06-08 01:35:55,088 INFO o.a.j.e.StandardJMeterEngine: Starting 1 threads for group Thread Group.
2019-06-08 01:35:55,088 INFO o.a.j.e.StandardJMeterEngine: Thread will continue on error
2019-06-08 01:35:55,088 INFO o.a.j.t.ThreadGroup: Starting thread group... number=1 threads=1 ramp-up=1 delayedStart=false
2019-06-08 01:35:55,089 INFO o.a.j.t.ThreadGroup: Started thread group number 1
2019-06-08 01:35:55,089 INFO o.a.j.e.StandardJMeterEngine: All thread groups have been started
2019-06-08 01:35:55,136 INFO o.a.j.t.JMeterThread: Thread started: Thread Group 1-1
2019-06-08 01:35:55,525 INFO o.a.j.t.JMeterThread: Thread is done: Thread Group 1-1
2019-06-08 01:35:55,526 INFO o.a.j.t.JMeterThread: Thread finished: Thread Group 1-1
2019-06-08 01:35:55,526 INFO o.a.j.e.StandardJMeterEngine: Notifying test listeners of end of test
2019-06-08 01:35:55,526 INFO o.a.j.g.u.JMeterMenuBar: setRunning(false, *local*)
2019-06-08 02:08:00,591 INFO o.a.j.e.StandardJMeterEngine: Running the test!
2019-06-08 02:08:00,591 INFO o.a.j.s.SampleEvent: List of sample_variables: []
2019-06-08 02:08:00,591 INFO o.a.j.g.u.JMeterMenuBar: setRunning(true, *local*)
2019-06-08 02:08:00,872 INFO o.a.j.e.StandardJMeterEngine: Starting ThreadGroup: 1 : Thread Group
2019-06-08 02:08:00,872 INFO o.a.j.e.StandardJMeterEngine: Starting 1 threads for group Thread Group.
2019-06-08 02:08:00,872 INFO o.a.j.e.StandardJMeterEngine: Thread will continue on error
2019-06-08 02:08:00,872 INFO o.a.j.t.ThreadGroup: Starting thread group... number=1 threads=1 ramp-up=1 delayedStart=false
2019-06-08 02:08:00,872 INFO o.a.j.t.ThreadGroup: Started thread group number 1
2019-06-08 02:08:00,872 INFO o.a.j.e.StandardJMeterEngine: All thread groups have been started
2019-06-08 02:08:00,872 INFO o.a.j.t.JMeterThread: Thread started: Thread Group 1-1
2019-06-08 02:08:01,347 ERROR o.a.j.u.BeanShellInterpreter: Error invoking bsh method: eval	Sourced file: inline evaluation of: ``printf("Hello world");'' : Command not found: printf( java.lang.String )
2019-06-08 02:08:01,347 WARN o.a.j.p.j.s.BeanShellSampler: Exception executing script. org.apache.jorphan.util.JMeterException: Error invoking bsh method: eval	Sourced file: inline evaluation of: ``printf("Hello world");'' : Command not found: printf( java.lang.String )
2019-06-08 02:08:01,347 INFO o.a.j.t.JMeterThread: Thread is done: Thread Group 1-1
2019-06-08 02:08:01,347 INFO o.a.j.t.JMeterThread: Thread finished: Thread Group 1-1
2019-06-08 02:08:01,347 INFO o.a.j.e.StandardJMeterEngine: Notifying test listeners of end of test
2019-06-08 02:08:01,347 INFO o.a.j.g.u.JMeterMenuBar: setRunning(false, *local*)
2019-06-08 02:08:31,309 INFO o.a.j.e.StandardJMeterEngine: Running the test!
2019-06-08 02:08:31,309 INFO o.a.j.s.SampleEvent: List of sample_variables: []
2019-06-08 02:08:31,309 INFO o.a.j.g.u.JMeterMenuBar: setRunning(true, *local*)
2019-06-08 02:08:31,590 INFO o.a.j.e.StandardJMeterEngine: Starting ThreadGroup: 1 : Thread Group
2019-06-08 02:08:31,590 INFO o.a.j.e.StandardJMeterEngine: Starting 1 threads for group Thread Group.
2019-06-08 02:08:31,590 INFO o.a.j.e.StandardJMeterEngine: Thread will continue on error
2019-06-08 02:08:31,590 INFO o.a.j.t.ThreadGroup: Starting thread group... number=1 threads=1 ramp-up=1 delayedStart=false
2019-06-08 02:08:31,590 INFO o.a.j.t.ThreadGroup: Started thread group number 1
2019-06-08 02:08:31,590 INFO o.a.j.e.StandardJMeterEngine: All thread groups have been started
2019-06-08 02:08:31,590 INFO o.a.j.t.JMeterThread: Thread started: Thread Group 1-1
2019-06-08 02:08:31,980 ERROR o.a.j.u.BeanShellInterpreter: Error invoking bsh method: eval	Sourced file: inline evaluation of: ``printf("Hello world");'' : Command not found: printf( java.lang.String )
2019-06-08 02:08:31,980 WARN o.a.j.p.j.s.BeanShellSampler: Exception executing script. org.apache.jorphan.util.JMeterException: Error invoking bsh method: eval	Sourced file: inline evaluation of: ``printf("Hello world");'' : Command not found: printf( java.lang.String )
2019-06-08 02:08:31,980 INFO o.a.j.t.JMeterThread: Thread is done: Thread Group 1-1
2019-06-08 02:08:31,980 INFO o.a.j.t.JMeterThread: Thread finished: Thread Group 1-1
2019-06-08 02:08:31,980 INFO o.a.j.e.StandardJMeterEngine: Notifying test listeners of end of test
2019-06-08 02:08:31,980 INFO o.a.j.g.u.JMeterMenuBar: setRunning(false, *local*)
2019-06-08 02:09:51,841 INFO o.a.j.e.StandardJMeterEngine: Running the test!
2019-06-08 02:09:51,841 INFO o.a.j.s.SampleEvent: List of sample_variables: []
2019-06-08 02:09:51,842 INFO o.a.j.g.u.JMeterMenuBar: setRunning(true, *local*)
2019-06-08 02:09:52,121 INFO o.a.j.e.StandardJMeterEngine: Starting ThreadGroup: 1 : Thread Group
2019-06-08 02:09:52,121 INFO o.a.j.e.StandardJMeterEngine: Starting 1 threads for group Thread Group.
2019-06-08 02:09:52,121 INFO o.a.j.e.StandardJMeterEngine: Thread will continue on error
2019-06-08 02:09:52,121 INFO o.a.j.t.ThreadGroup: Starting thread group... number=1 threads=1 ramp-up=1 delayedStart=false
2019-06-08 02:09:52,128 INFO o.a.j.t.ThreadGroup: Started thread group number 1
2019-06-08 02:09:52,128 INFO o.a.j.e.StandardJMeterEngine: All thread groups have been started
2019-06-08 02:09:52,129 INFO o.a.j.t.JMeterThread: Thread started: Thread Group 1-1
2019-06-08 02:09:52,553 ERROR o.a.j.u.BeanShellInterpreter: Error invoking bsh method: eval	Sourced file: inline evaluation of: ``printf("Hello world");'' : Command not found: printf( java.lang.String )
2019-06-08 02:09:52,553 WARN o.a.j.p.j.s.BeanShellSampler: Exception executing script. org.apache.jorphan.util.JMeterException: Error invoking bsh method: eval	Sourced file: inline evaluation of: ``printf("Hello world");'' : Command not found: printf( java.lang.String )
2019-06-08 02:09:52,553 INFO o.a.j.t.JMeterThread: Thread is done: Thread Group 1-1
2019-06-08 02:09:52,553 INFO o.a.j.t.JMeterThread: Thread finished: Thread Group 1-1
2019-06-08 02:09:52,554 INFO o.a.j.e.StandardJMeterEngine: Notifying test listeners of end of test
2019-06-08 02:09:52,554 INFO o.a.j.g.u.JMeterMenuBar: setRunning(false, *local*)
